#
# A fatal error has been detected by the Java Runtime Environment:
#
#  SIGBUS (0xa) at pc=0x000000010ca5f0d0, pid=35750, tid=140735109728608
#
# JRE version: 7.0_04-b21
# Java VM: Java HotSpot(TM) 64-Bit Server VM (23.0-b21 mixed mode bsd-amd64 compressed oops)
# Problematic frame:
# J  org.apache.tools.zip.ZipEntry.isDirectory()Z
#
# Failed to write core dump. Core dumps have been disabled. To enable core dumping, try "ulimit -c unlimited" before starting Java again
#
# If you would like to submit a bug report, please visit:
#   http://bugreport.sun.com/bugreport/crash.jsp
#

---------------  T H R E A D  ---------------

Current thread (0x00007ffbc3805000):  JavaThread "main" [_thread_in_Java, id=1916340576, stack(0x00007fff6b094000,0x00007fff6b894000)]

siginfo:si_signo=SIGBUS: si_errno=0, si_code=2 (BUS_ADRERR), si_addr=0x000000010fa4f014

Registers:
RAX=0x000000010ffedc18, RBX=0x000000010ffedc18, RCX=0x0000000616acf620, RDX=0x000000010c9903a0
RSP=0x00007fff6b88f5a0, RBP=0x00007fff6b88f630, RSI=0x0000000616acf620, RDI=0x00007ffbc3805000
R8 =0x00007ffbc16046b8, R9 =0x0000000000000007, R10=0x000000010c5bf4b0, R11=0x0000000000000000
R12=0x000000010fa4f000, R13=0x00007fff6b88f5d8, R14=0x0000000000000000, R15=0x00007ffbc3805000
RIP=0x000000010ca5f0d0, EFLAGS=0x0000000000010206, ERR=0x0000000000000004
  TRAPNO=0x000000000000000e

Top of Stack: (sp=0x00007fff6b88f5a0)
0x00007fff6b88f5a0:   000000010fa4f000 000000010ffec634
0x00007fff6b88f5b0:   00007fff6b88f648 00007ffbc3805000
0x00007fff6b88f5c0:   00007fff6b88f630 000000010c986450
0x00007fff6b88f5d0:   000000010c986450 0000000616acf620
0x00007fff6b88f5e0:   0000000041ed0000 0000000616acf620
0x00007fff6b88f5f0:   00007fff6b88f5f0 000000010ffec634
0x00007fff6b88f600:   00007fff6b88f648 000000010ffef8b8
0x00007fff6b88f610:   0000000000000000 000000010ffec670
0x00007fff6b88f620:   00007fff6b88f5d8 00007fff6b88f640
0x00007fff6b88f630:   00007fff6b88f690 000000010c986158
0x00007fff6b88f640:   00000000000041ed 0000000616acf620
0x00007fff6b88f650:   00007fff6b88f650 00000001100ad0b6
0x00007fff6b88f660:   00007fff6b88f6d8 00000001100c5508
0x00007fff6b88f670:   0000000000000000 00000001100ad150
0x00007fff6b88f680:   00007fff6b88f640 00007fff6b88f6b0
0x00007fff6b88f690:   00007fff6b88f720 000000010c986158
0x00007fff6b88f6a0:   00000000000007cf 0000000616acf620
0x00007fff6b88f6b0:   0000000612099fe0 00000000000041ed
0x00007fff6b88f6c0:   00000006116aa6d0 0000000616ac00d0
0x00007fff6b88f6d0:   0000000000000000 000000061209a130
0x00007fff6b88f6e0:   00007fff6b88f6e0 00000001100a2acc
0x00007fff6b88f6f0:   00007fff6b88f768 00000001100c7c20
0x00007fff6b88f700:   0000000000000000 00000001100a2bc8
0x00007fff6b88f710:   00007fff6b88f6b0 00007fff6b88f758
0x00007fff6b88f720:   00007fff6b88f7b0 000000010c986158
0x00007fff6b88f730:   0000000000000000 0000000000000000
0x00007fff6b88f740:   0000000000000000 0000000000000000
0x00007fff6b88f750:   0000000616acf4b8 0000000616ac8f28
0x00007fff6b88f760:   0000000616ac00d0 000000061209a130
0x00007fff6b88f770:   00007fff6b88f770 00000001100a277f
0x00007fff6b88f780:   00007fff6b88f7d0 00000001100c7c20
0x00007fff6b88f790:   0000000000000000 00000001100a27c0 

Instructions: (pc=0x000000010ca5f0d0)
0x000000010ca5f0b0:   ac 89 f5 ff 0f 1f 84 00 00 00 00 00 66 66 66 90
0x000000010ca5f0c0:   89 84 24 00 c0 fe ff 55 48 83 ec 20 44 8b 5e 58
0x000000010ca5f0d0:   47 8b 44 dc 14 45 8b d0 41 ff ca 33 c0 45 85 d2
0x000000010ca5f0e0:   7c 3c 47 03 44 dc 10 47 8b 4c dc 0c 41 8b e8 ff 

Register to memory mapping:

RAX=0x000000010ffedc18 is an oop
{method} 
 - klass: {other class}
RBX=0x000000010ffedc18 is an oop
{method} 
 - klass: {other class}
RCX=0x0000000616acf620 is an oop
org.apache.tools.zip.ZipEntry 
 - klass: 'org/apache/tools/zip/ZipEntry'
RDX=0x000000010c9903a0 is an Interpreter codelet
method entry point (kind = zerolocals)  [0x000000010c9903a0, 0x000000010c9906e0]  832 bytes
RSP=0x00007fff6b88f5a0 is pointing into the stack for thread: 0x00007ffbc3805000
RBP=0x00007fff6b88f630 is pointing into the stack for thread: 0x00007ffbc3805000
RSI=0x0000000616acf620 is an oop
org.apache.tools.zip.ZipEntry 
 - klass: 'org/apache/tools/zip/ZipEntry'
RDI=0x00007ffbc3805000 is a thread
R8 =0x00007ffbc16046b8 is an unknown value
R9 =0x0000000000000007 is an unknown value
R10=0x000000010c5bf4b0: _ZN19TemplateInterpreter24_return_3_addrs_by_indexE+0 in /Library/Java/JavaVirtualMachines/1.7.0.jdk/Contents/Home/jre/lib/server/libjvm.dylib at 0x000000010be83000
R11=0x0000000000000000 is an unknown value
R12=0x000000010fa4f000 is an unknown value
R13=0x00007fff6b88f5d8 is pointing into the stack for thread: 0x00007ffbc3805000
R14=0x0000000000000000 is an unknown value
R15=0x00007ffbc3805000 is a thread


Stack: [0x00007fff6b094000,0x00007fff6b894000],  sp=0x00007fff6b88f5a0,  free space=8173k
Native frames: (J=compiled Java code, j=interpreted, Vv=VM code, C=native code)
J  org.apache.tools.zip.ZipEntry.isDirectory()Z
j  org.apache.tools.ant.taskdefs.Zip.zipDir(Lorg/apache/tools/ant/types/Resource;Lorg/apache/tools/zip/ZipOutputStream;Ljava/lang/String;I[Lorg/apache/tools/zip/ZipExtraField;)V+182
j  org.apache.tools.ant.taskdefs.Jar.writeManifest(Lorg/apache/tools/zip/ZipOutputStream;Lorg/apache/tools/ant/taskdefs/Manifest;)V+60
j  org.apache.tools.ant.taskdefs.Jar.initZipOutputStream(Lorg/apache/tools/zip/ZipOutputStream;)V+15
j  org.apache.tools.ant.taskdefs.Zip.executeMain()V+409
j  org.apache.tools.ant.taskdefs.Zip.execute()V+22
j  org.apache.tools.ant.UnknownElement.execute()V+58
v  ~StubRoutines::call_stub
V  [libjvm.dylib+0x286acf]
V  [libjvm.dylib+0x28689c]
V  [libjvm.dylib+0x3f392a]
V  [libjvm.dylib+0x3f3d82]
V  [libjvm.dylib+0x2bacb7]
j  sun.reflect.NativeMethodAccessorImpl.invoke0(Ljava/lang/reflect/Method;Ljava/lang/Object;[Ljava/lang/Object;)Ljava/lang/Object;+0
j  sun.reflect.NativeMethodAccessorImpl.invoke(Ljava/lang/Object;[Ljava/lang/Object;)Ljava/lang/Object;+87
j  sun.reflect.DelegatingMethodAccessorImpl.invoke(Ljava/lang/Object;[Ljava/lang/Object;)Ljava/lang/Object;+6
j  java.lang.reflect.Method.invoke(Ljava/lang/Object;[Ljava/lang/Object;)Ljava/lang/Object;+57
j  org.apache.tools.ant.dispatch.DispatchUtils.execute(Ljava/lang/Object;)V+518
j  org.apache.tools.ant.Task.perform()V+22
j  org.apache.tools.ant.Target.execute()V+155
j  org.apache.tools.ant.Target.performTasks()V+11
j  org.apache.tools.ant.Project.executeSortedTargets(Ljava/util/Vector;)V+145
j  org.apache.tools.ant.Project.executeTarget(Ljava/lang/String;)V+27
j  org.apache.tools.ant.helper.DefaultExecutor.executeTargets(Lorg/apache/tools/ant/Project;[Ljava/lang/String;)V+17
j  org.eclipse.ant.internal.launching.remote.EclipseDefaultExecutor.executeTargets(Lorg/apache/tools/ant/Project;[Ljava/lang/String;)V+27
j  org.apache.tools.ant.Project.executeTargets(Ljava/util/Vector;)V+29
j  org.eclipse.ant.internal.launching.remote.InternalAntRunner.run(Ljava/util/List;)V+825
j  org.eclipse.ant.internal.launching.remote.InternalAntRunner.main([Ljava/lang/String;)V+11
v  ~StubRoutines::call_stub
V  [libjvm.dylib+0x286acf]
V  [libjvm.dylib+0x28689c]
V  [libjvm.dylib+0x2a1e84]
V  [libjvm.dylib+0x29b207]
C  [java+0x32e2]  JavaMain+0x9b1
C  [java+0x687f]  __JVMInit_block_invoke_1+0x51
C  [libdispatch.dylib+0x2db7]  _dispatch_barrier_sync_f_slow_invoke+0x50
C  [libdispatch.dylib+0x38f6]  _dispatch_main_queue_callback_4CF+0x134
C  [CoreFoundation+0x38e7c]  __CFRunLoopRun+0x6bc
C  [CoreFoundation+0x38486]  CFRunLoopRunSpecific+0xe6
C  [java+0x74bc]  CreateExecutionEnvironment+0x367
C  [java+0x1cac]  JLI_Launch+0x7a0
C  [java+0x7819]  main+0x65
C  [java+0x1504]  start+0x34


---------------  P R O C E S S  ---------------

Java Threads: ( => current thread )
  0x00007ffbc381c800 JavaThread "Service Thread" daemon [_thread_blocked, id=-471592960, stack(0x00000008e3d41000,0x00000008e3e41000)]
  0x00007ffbc381b800 JavaThread "C2 CompilerThread1" daemon [_thread_blocked, id=-472653824, stack(0x00000008e3c3e000,0x00000008e3d3e000)]
  0x00007ffbc381a000 JavaThread "C2 CompilerThread0" daemon [_thread_blocked, id=-473714688, stack(0x00000008e3b3b000,0x00000008e3c3b000)]
  0x00007ffbc3819800 JavaThread "Signal Dispatcher" daemon [_thread_blocked, id=-474775552, stack(0x00000008e3a38000,0x00000008e3b38000)]
  0x00007ffbc4006000 JavaThread "Finalizer" daemon [_thread_blocked, id=-478003200, stack(0x00000008e3724000,0x00000008e3824000)]
  0x00007ffbc4005000 JavaThread "Reference Handler" daemon [_thread_blocked, id=-479064064, stack(0x00000008e3621000,0x00000008e3721000)]
=>0x00007ffbc3805000 JavaThread "main" [_thread_in_Java, id=1916340576, stack(0x00007fff6b094000,0x00007fff6b894000)]

Other Threads:
  0x00007ffbc380d800 VMThread [stack: 0x00000008e351e000,0x00000008e361e000] [id=-480124928]
  0x00007ffbc3825000 WatcherThread [stack: 0x00000008e3e44000,0x00000008e3f44000] [id=-470532096]

VM state:not at safepoint (normal execution)

VM Mutex/Monitor currently owned by a thread: None

Heap
 PSYoungGen      total 611648K, used 94480K [0x00000006115b0000, 0x000000063c050000, 0x000000088fa50000)
  eden space 524288K, 18% used [0x00000006115b0000,0x00000006171f43f0,0x00000006315b0000)
  from space 87360K, 0% used [0x0000000636b00000,0x0000000636b00000,0x000000063c050000)
  to   space 87360K, 0% used [0x00000006315b0000,0x00000006315b0000,0x0000000636b00000)
 ParOldGen       total 1398144K, used 0K [0x0000000114c50000, 0x000000016a1b0000, 0x00000006115b0000)
  object space 1398144K, 0% used [0x0000000114c50000,0x0000000114c50000,0x000000016a1b0000)
 PSPermGen       total 21248K, used 7337K [0x000000010fa50000, 0x0000000110f10000, 0x0000000114c50000)
  object space 21248K, 34% used [0x000000010fa50000,0x000000011017a598,0x0000000110f10000)

Code Cache  [0x000000010c980000, 0x000000010cbf0000, 0x000000010f980000)
 total_blobs=493 nmethods=254 adapters=191 free_code_cache=48262Kb largest_free_block=49384064

Compilation events (10 events):
Event: 3.856 Thread 0x00007ffbc381b800 nmethod 247 0x000000010ca5a090 code [0x000000010ca5a1e0, 0x000000010ca5a398]
Event: 3.856 Thread 0x00007ffbc381a000 nmethod 248 0x000000010ca5f7d0 code [0x000000010ca5f920, 0x000000010ca5fad8]
Event: 3.866 Thread 0x00007ffbc381b800  249             org.apache.tools.ant.types.Resource::<init> (30 bytes)
Event: 3.866 Thread 0x00007ffbc381a000  250             org.apache.tools.ant.types.selectors.TokenizedPath::<init> (15 bytes)
Event: 3.866 Thread 0x00007ffbc381b800 nmethod 249 0x000000010ca59e10 code [0x000000010ca59f40, 0x000000010ca59fd8]
Event: 3.866 Thread 0x00007ffbc381b800  251             org.apache.tools.ant.types.selectors.TokenizedPath::<init> (10 bytes)
Event: 3.866 Thread 0x00007ffbc381a000 nmethod 250 0x000000010ca5f590 code [0x000000010ca5f6c0, 0x000000010ca5f758]
Event: 3.866 Thread 0x00007ffbc381a000  252             org.apache.tools.zip.ZipEntry::isDirectory (10 bytes)
Event: 3.867 Thread 0x00007ffbc381b800 nmethod 251 0x000000010ca5f2d0 code [0x000000010ca5f420, 0x000000010ca5f4e8]
Event: 3.868 Thread 0x00007ffbc381a000 nmethod 252 0x000000010ca5ef50 code [0x000000010ca5f0a0, 0x000000010ca5f198]

GC Heap History (0 events):
No events

Deoptimization events (10 events):
Event: 3.096 Thread 0x00007ffbc3805000 Uncommon trap -83 fr.pc 0x000000010ca30eb0
Event: 3.489 Thread 0x00007ffbc3805000 Uncommon trap -34 fr.pc 0x000000010c9fd898
Event: 3.489 Thread 0x00007ffbc3805000 Uncommon trap -34 fr.pc 0x000000010c9fd898
Event: 3.489 Thread 0x00007ffbc3805000 Uncommon trap -34 fr.pc 0x000000010c9fd898
Event: 3.489 Thread 0x00007ffbc3805000 Uncommon trap -34 fr.pc 0x000000010c9fd898
Event: 3.872 Thread 0x00007ffbc3805000 Uncommon trap -34 fr.pc 0x000000010ca58fa4
Event: 3.872 Thread 0x00007ffbc3805000 Uncommon trap -34 fr.pc 0x000000010ca58fa4
Event: 3.873 Thread 0x00007ffbc3805000 Uncommon trap -34 fr.pc 0x000000010ca58fa4
Event: 3.873 Thread 0x00007ffbc3805000 Uncommon trap -34 fr.pc 0x000000010ca58fa4
Event: 3.873 Thread 0x00007ffbc3805000 Uncommon trap -34 fr.pc 0x000000010ca57458

Internal exceptions (10 events):
Event: 3.486 Thread 0x00007ffbc3805000 Threw 0x00000006165b87c8 at /HUDSON/workspace/jdk7u4-2-build-macosx-x86_64-product/jdk7u4/hotspot/src/share/vm/prims/jvm.cpp:1166
Event: 3.486 Thread 0x00007ffbc3805000 Threw 0x00000006165c0830 at /HUDSON/workspace/jdk7u4-2-build-macosx-x86_64-product/jdk7u4/hotspot/src/share/vm/prims/jvm.cpp:1166
Event: 3.486 Thread 0x00007ffbc3805000 Threw 0x00000006165c7f68 at /HUDSON/workspace/jdk7u4-2-build-macosx-x86_64-product/jdk7u4/hotspot/src/share/vm/prims/jvm.cpp:1166
Event: 3.487 Thread 0x00007ffbc3805000 Threw 0x00000006165d1838 at /HUDSON/workspace/jdk7u4-2-build-macosx-x86_64-product/jdk7u4/hotspot/src/share/vm/prims/jvm.cpp:1166
Event: 3.487 Thread 0x00007ffbc3805000 Threw 0x00000006165d81d0 at /HUDSON/workspace/jdk7u4-2-build-macosx-x86_64-product/jdk7u4/hotspot/src/share/vm/prims/jvm.cpp:1166
Event: 3.488 Thread 0x00007ffbc3805000 Threw 0x00000006165e0690 at /HUDSON/workspace/jdk7u4-2-build-macosx-x86_64-product/jdk7u4/hotspot/src/share/vm/prims/jvm.cpp:1166
Event: 3.488 Thread 0x00007ffbc3805000 Threw 0x00000006165e8300 at /HUDSON/workspace/jdk7u4-2-build-macosx-x86_64-product/jdk7u4/hotspot/src/share/vm/prims/jvm.cpp:1166
Event: 3.490 Thread 0x00007ffbc3805000 Threw 0x00000006165ee858 at /HUDSON/workspace/jdk7u4-2-build-macosx-x86_64-product/jdk7u4/hotspot/src/share/vm/prims/jvm.cpp:1166
Event: 3.871 Thread 0x00007ffbc3805000 Threw 0x0000000616a80d40 at /HUDSON/workspace/jdk7u4-2-build-macosx-x86_64-product/jdk7u4/hotspot/src/share/vm/prims/jvm.cpp:1166
Event: 3.874 Thread 0x00007ffbc3805000 Threw 0x0000000616ab1880 at /HUDSON/workspace/jdk7u4-2-build-macosx-x86_64-product/jdk7u4/hotspot/src/share/vm/prims/jvm.cpp:1166

Events (10 events):
Event: 3.873 Thread 0x00007ffbc3805000 DEOPT PACKING pc=0x000000010ca58fa4 sp=0x00007fff6b88f200
Event: 3.873 Thread 0x00007ffbc3805000 DEOPT UNPACKING pc=0x000000010c9b9145 sp=0x00007fff6b88f188 mode 2
Event: 3.873 Thread 0x00007ffbc3805000 DEOPT PACKING pc=0x000000010ca58fa4 sp=0x00007fff6b88f200
Event: 3.873 Thread 0x00007ffbc3805000 DEOPT UNPACKING pc=0x000000010c9b9145 sp=0x00007fff6b88f188 mode 2
Event: 3.873 Thread 0x00007ffbc3805000 DEOPT PACKING pc=0x000000010ca57458 sp=0x00007fff6b88f1c0
Event: 3.873 Thread 0x00007ffbc3805000 DEOPT UNPACKING pc=0x000000010c9b9145 sp=0x00007fff6b88f188 mode 2
Event: 3.874 loading class 0x00007ffbc205dde0
Event: 3.874 loading class 0x00007ffbc205dde0 done
Event: 3.875 loading class 0x00007ffbc1559f90
Event: 3.898 loading class 0x00007ffbc1559f90 done


Dynamic libraries:
0x00000000016c5000 	/System/Library/Frameworks/Cocoa.framework/Versions/A/Cocoa
0x00000000016c5000 	/System/Library/Frameworks/Security.framework/Versions/A/Security
0x00000000016c5000 	/System/Library/Frameworks/ApplicationServices.framework/Versions/A/ApplicationServices
0x00000000016c5000 	/usr/lib/libz.1.dylib
0x00000000016c5000 	/usr/lib/libSystem.B.dylib
0x00000000016c5000 	/usr/lib/libobjc.A.dylib
0x00000000016c5000 	/System/Library/Frameworks/CoreFoundation.framework/Versions/A/CoreFoundation
0x00000000016c5000 	/System/Library/Frameworks/AppKit.framework/Versions/C/AppKit
0x00000000016c5000 	/System/Library/Frameworks/CoreData.framework/Versions/A/CoreData
0x00000000016c5000 	/System/Library/Frameworks/Foundation.framework/Versions/C/Foundation
0x00000000016c5000 	/System/Library/PrivateFrameworks/RemoteViewServices.framework/Versions/A/RemoteViewServices
0x00000000016c5000 	/System/Library/Frameworks/AudioToolbox.framework/Versions/A/AudioToolbox
0x00000000016c5000 	/System/Library/Frameworks/AudioUnit.framework/Versions/A/AudioUnit
0x00000000016c5000 	/System/Library/PrivateFrameworks/DataDetectorsCore.framework/Versions/A/DataDetectorsCore
0x00000000016c5000 	/System/Library/PrivateFrameworks/DesktopServicesPriv.framework/Versions/A/DesktopServicesPriv
0x00000000016c5000 	/System/Library/Frameworks/Carbon.framework/Versions/A/Frameworks/HIToolbox.framework/Versions/A/HIToolbox
0x00000000016c5000 	/System/Library/Frameworks/QuartzCore.framework/Versions/A/QuartzCore
0x00000000016c5000 	/System/Library/Frameworks/Carbon.framework/Versions/A/Frameworks/SpeechRecognition.framework/Versions/A/SpeechRecognition
0x00000000016c5000 	/usr/lib/libauto.dylib
0x00000000016c5000 	/usr/lib/libicucore.A.dylib
0x00000000016c5000 	/usr/lib/libxml2.2.dylib
0x00000000016c5000 	/System/Library/PrivateFrameworks/CoreUI.framework/Versions/A/CoreUI
0x00000000016c5000 	/System/Library/Frameworks/CoreAudio.framework/Versions/A/CoreAudio
0x00000000016c5000 	/System/Library/Frameworks/DiskArbitration.framework/Versions/A/DiskArbitration
0x00000000016c5000 	/usr/lib/liblangid.dylib
0x00000000016c5000 	/System/Library/PrivateFrameworks/MultitouchSupport.framework/Versions/A/MultitouchSupport
0x00000000016c5000 	/System/Library/Frameworks/IOKit.framework/Versions/A/IOKit
0x00000000016c5000 	/usr/lib/libDiagnosticMessagesClient.dylib
0x00000000016c5000 	/System/Library/Frameworks/CoreServices.framework/Versions/A/CoreServices
0x00000000016c5000 	/System/Library/PrivateFrameworks/PerformanceAnalysis.framework/Versions/A/PerformanceAnalysis
0x00000000016c5000 	/System/Library/PrivateFrameworks/GenerationalStorage.framework/Versions/A/GenerationalStorage
0x00000000016c5000 	/System/Library/Frameworks/OpenGL.framework/Versions/A/OpenGL
0x00000000016c5000 	/System/Library/Frameworks/CoreServices.framework/Versions/A/Frameworks/CFNetwork.framework/Versions/A/CFNetwork
0x00000000016c5000 	/System/Library/Frameworks/SystemConfiguration.framework/Versions/A/SystemConfiguration
0x00000000016c5000 	/usr/lib/libCRFSuite.dylib
0x00000000016c5000 	/usr/lib/libc++.1.dylib
0x00000000016c5000 	/usr/lib/libstdc++.6.dylib
0x00000000016c5000 	/usr/lib/libc++abi.dylib
0x00000000016c5000 	/usr/lib/system/libcache.dylib
0x00000000016c5000 	/usr/lib/system/libcommonCrypto.dylib
0x00000000016c5000 	/usr/lib/system/libcompiler_rt.dylib
0x00000000016c5000 	/usr/lib/system/libcopyfile.dylib
0x00000000016c5000 	/usr/lib/system/libdispatch.dylib
0x00000000016c5000 	/usr/lib/system/libdnsinfo.dylib
0x00000000016c5000 	/usr/lib/system/libdyld.dylib
0x00000000016c5000 	/usr/lib/system/libkeymgr.dylib
0x00000000016c5000 	/usr/lib/system/liblaunch.dylib
0x00000000016c5000 	/usr/lib/system/libmacho.dylib
0x00000000016c5000 	/usr/lib/system/libmathCommon.A.dylib
0x00000000016c5000 	/usr/lib/system/libquarantine.dylib
0x00000000016c5000 	/usr/lib/system/libremovefile.dylib
0x00000000016c5000 	/usr/lib/system/libsystem_blocks.dylib
0x00000000016c5000 	/usr/lib/system/libsystem_c.dylib
0x00000000016c5000 	/usr/lib/system/libsystem_dnssd.dylib
0x00000000016c5000 	/usr/lib/system/libsystem_info.dylib
0x00000000016c5000 	/usr/lib/system/libsystem_kernel.dylib
0x00000000016c5000 	/usr/lib/system/libsystem_network.dylib
0x00000000016c5000 	/usr/lib/system/libsystem_notify.dylib
0x00000000016c5000 	/usr/lib/system/libsystem_sandbox.dylib
0x00000000016c5000 	/usr/lib/system/libunc.dylib
0x00000000016c5000 	/usr/lib/system/libunwind.dylib
0x00000000016c5000 	/usr/lib/system/libxpc.dylib
0x00000000016c5000 	/usr/lib/libbsm.0.dylib
0x00000000016c5000 	/usr/lib/libsqlite3.dylib
0x00000000016c5000 	/usr/lib/libpam.2.dylib
0x00000000016c5000 	/usr/lib/libxar-nossl.dylib
0x00000000016c5000 	/usr/lib/libbz2.1.0.dylib
0x00000000016c5000 	/System/Library/Frameworks/CoreServices.framework/Versions/A/Frameworks/CarbonCore.framework/Versions/A/CarbonCore
0x00000000016c5000 	/System/Library/Frameworks/CoreServices.framework/Versions/A/Frameworks/Metadata.framework/Versions/A/Metadata
0x00000000016c5000 	/System/Library/Frameworks/CoreServices.framework/Versions/A/Frameworks/OSServices.framework/Versions/A/OSServices
0x00000000016c5000 	/System/Library/Frameworks/CoreServices.framework/Versions/A/Frameworks/SearchKit.framework/Versions/A/SearchKit
0x00000000016c5000 	/System/Library/Frameworks/CoreServices.framework/Versions/A/Frameworks/AE.framework/Versions/A/AE
0x00000000016c5000 	/System/Library/Frameworks/CoreServices.framework/Versions/A/Frameworks/LaunchServices.framework/Versions/A/LaunchServices
0x00000000016c5000 	/System/Library/Frameworks/CoreServices.framework/Versions/A/Frameworks/DictionaryServices.framework/Versions/A/DictionaryServices
0x00000000016c5000 	/System/Library/Frameworks/NetFS.framework/Versions/A/NetFS
0x00000000016c5000 	/usr/lib/system/libkxld.dylib
0x00000000016c5000 	/System/Library/PrivateFrameworks/NetAuth.framework/Versions/A/NetAuth
0x00000000016c5000 	/usr/lib/libcrypto.0.9.8.dylib
0x00000000016c5000 	/System/Library/PrivateFrameworks/TrustEvaluationAgent.framework/Versions/A/TrustEvaluationAgent
0x00000000016c5000 	/System/Library/Frameworks/OpenDirectory.framework/Versions/A/Frameworks/CFOpenDirectory.framework/Versions/A/CFOpenDirectory
0x00000000016c5000 	/usr/lib/libxslt.1.dylib
0x00000000016c5000 	/System/Library/PrivateFrameworks/FamilyControls.framework/Versions/A/FamilyControls
0x00000000016c5000 	/System/Library/Frameworks/Carbon.framework/Versions/A/Frameworks/Ink.framework/Versions/A/Ink
0x00000000016c5000 	/System/Library/Frameworks/ApplicationServices.framework/Versions/A/Frameworks/CoreGraphics.framework/Versions/A/CoreGraphics
0x00000000016c5000 	/System/Library/Frameworks/ApplicationServices.framework/Versions/A/Frameworks/ImageIO.framework/Versions/A/ImageIO
0x00000000016c5000 	/System/Library/Frameworks/ApplicationServices.framework/Versions/A/Frameworks/CoreText.framework/Versions/A/CoreText
0x00000000016c5000 	/System/Library/Frameworks/ApplicationServices.framework/Versions/A/Frameworks/ATS.framework/Versions/A/ATS
0x00000000016c5000 	/System/Library/Frameworks/ApplicationServices.framework/Versions/A/Frameworks/ColorSync.framework/Versions/A/ColorSync
0x00000000016c5000 	/System/Library/Frameworks/ApplicationServices.framework/Versions/A/Frameworks/HIServices.framework/Versions/A/HIServices
0x00000000016c5000 	/System/Library/Frameworks/ApplicationServices.framework/Versions/A/Frameworks/LangAnalysis.framework/Versions/A/LangAnalysis
0x00000000016c5000 	/System/Library/Frameworks/ApplicationServices.framework/Versions/A/Frameworks/PrintCore.framework/Versions/A/PrintCore
0x00000000016c5000 	/System/Library/Frameworks/ApplicationServices.framework/Versions/A/Frameworks/QD.framework/Versions/A/QD
0x00000000016c5000 	/System/Library/Frameworks/ApplicationServices.framework/Versions/A/Frameworks/SpeechSynthesis.framework/Versions/A/SpeechSynthesis
0x00000000016c5000 	/System/Library/Frameworks/IOSurface.framework/Versions/A/IOSurface
0x00000000016c5000 	/System/Library/Frameworks/Accelerate.framework/Versions/A/Accelerate
0x00000000016c5000 	/System/Library/Frameworks/ApplicationServices.framework/Versions/A/Frameworks/ImageIO.framework/Versions/A/Resources/libJPEG.dylib
0x00000000016c5000 	/System/Library/Frameworks/ApplicationServices.framework/Versions/A/Frameworks/ImageIO.framework/Versions/A/Resources/libTIFF.dylib
0x00000000016c5000 	/System/Library/Frameworks/ApplicationServices.framework/Versions/A/Frameworks/ImageIO.framework/Versions/A/Resources/libPng.dylib
0x00000000016c5000 	/System/Library/Frameworks/ApplicationServices.framework/Versions/A/Frameworks/ImageIO.framework/Versions/A/Resources/libGIF.dylib
0x00000000016c5000 	/System/Library/Frameworks/ApplicationServices.framework/Versions/A/Frameworks/ImageIO.framework/Versions/A/Resources/libJP2.dylib
0x00000000016c5000 	/System/Library/Frameworks/ApplicationServices.framework/Versions/A/Frameworks/ImageIO.framework/Versions/A/Resources/libRadiance.dylib
0x00000000016c5000 	/System/Library/Frameworks/Accelerate.framework/Versions/A/Frameworks/vImage.framework/Versions/A/vImage
0x00000000016c5000 	/System/Library/Frameworks/Accelerate.framework/Versions/A/Frameworks/vecLib.framework/Versions/A/vecLib
0x00000000016c5000 	/System/Library/Frameworks/Accelerate.framework/Versions/A/Frameworks/vecLib.framework/Versions/A/libvDSP.dylib
0x00000000016c5000 	/System/Library/Frameworks/Accelerate.framework/Versions/A/Frameworks/vecLib.framework/Versions/A/libvMisc.dylib
0x00000000016c5000 	/System/Library/Frameworks/Accelerate.framework/Versions/A/Frameworks/vecLib.framework/Versions/A/libLAPACK.dylib
0x00000000016c5000 	/System/Library/Frameworks/Accelerate.framework/Versions/A/Frameworks/vecLib.framework/Versions/A/libBLAS.dylib
0x00000000016c5000 	/System/Library/Frameworks/ApplicationServices.framework/Versions/A/Frameworks/ATS.framework/Versions/A/Resources/libFontParser.dylib
0x00000000016c5000 	/System/Library/Frameworks/ApplicationServices.framework/Versions/A/Frameworks/ATS.framework/Versions/A/Resources/libFontRegistry.dylib
0x00000000016c5000 	/usr/lib/libcups.2.dylib
0x00000000016c5000 	/System/Library/Frameworks/Kerberos.framework/Versions/A/Kerberos
0x00000000016c5000 	/System/Library/Frameworks/GSS.framework/Versions/A/GSS
0x00000000016c5000 	/usr/lib/libresolv.9.dylib
0x00000000016c5000 	/usr/lib/libiconv.2.dylib
0x00000000016c5000 	/System/Library/PrivateFrameworks/Heimdal.framework/Versions/A/Heimdal
0x00000000016c5000 	/System/Library/Frameworks/OpenDirectory.framework/Versions/A/OpenDirectory
0x00000000016c5000 	/System/Library/PrivateFrameworks/CommonAuth.framework/Versions/A/CommonAuth
0x00000000016c5000 	/System/Library/Frameworks/CoreVideo.framework/Versions/A/CoreVideo
0x00000000016c5000 	/System/Library/Frameworks/QuartzCore.framework/Versions/A/Frameworks/CoreImage.framework/Versions/A/CoreImage
0x00000000016c5000 	/System/Library/Frameworks/QuartzCore.framework/Versions/A/Frameworks/ScalableUserInterface.framework/Versions/A/ScalableUserInterface
0x00000000016c5000 	/System/Library/Frameworks/OpenGL.framework/Versions/A/Libraries/libGLU.dylib
0x00000000016c5000 	/System/Library/Frameworks/OpenGL.framework/Versions/A/Libraries/libGFXShared.dylib
0x00000000016c5000 	/System/Library/Frameworks/OpenGL.framework/Versions/A/Libraries/libGL.dylib
0x00000000016c5000 	/System/Library/Frameworks/OpenGL.framework/Versions/A/Libraries/libGLImage.dylib
0x00000000016c5000 	/System/Library/Frameworks/OpenGL.framework/Versions/A/Libraries/libCVMSPluginSupport.dylib
0x00000000016c5000 	/System/Library/Frameworks/OpenGL.framework/Versions/A/Libraries/libCoreVMClient.dylib
0x00000000016c5000 	/System/Library/Frameworks/OpenCL.framework/Versions/A/OpenCL
0x00000000016c5000 	/System/Library/PrivateFrameworks/FaceCoreLight.framework/Versions/A/FaceCoreLight
0x00000000016c5000 	/System/Library/Frameworks/vecLib.framework/Versions/A/vecLib
0x00000000016c5000 	/System/Library/Frameworks/SecurityFoundation.framework/Versions/A/SecurityFoundation
0x00000000016c5000 	/System/Library/PrivateFrameworks/CommerceKit.framework/Versions/A/Frameworks/CommerceCore.framework/Versions/A/CommerceCore
0x00000000016c5000 	/System/Library/PrivateFrameworks/CoreSymbolication.framework/Versions/A/CoreSymbolication
0x00000000016c5000 	/System/Library/PrivateFrameworks/Symbolication.framework/Versions/A/Symbolication
0x00000000016c5000 	/System/Library/PrivateFrameworks/DebugSymbols.framework/Versions/A/DebugSymbols
0x000000010be83000 	/Library/Java/JavaVirtualMachines/1.7.0.jdk/Contents/Home/jre/lib/server/libjvm.dylib
0x000000010c93a000 	/Library/Java/JavaVirtualMachines/1.7.0.jdk/Contents/Home/jre/lib/libverify.dylib
0x000000010c947000 	/Library/Java/JavaVirtualMachines/1.7.0.jdk/Contents/Home/jre/lib/libjava.dylib
0x000000010c977000 	/Library/Java/JavaVirtualMachines/1.7.0.jdk/Contents/Home/jre/lib/libzip.dylib
0x00000008e3826000 	/System/Library/Frameworks/JavaVM.framework/Frameworks/JavaRuntimeSupport.framework/JavaRuntimeSupport
0x00000008e383e000 	/System/Library/Frameworks/JavaVM.framework/Versions/A/Frameworks/JavaNativeFoundation.framework/Versions/A/JavaNativeFoundation
0x00000008e3853000 	/System/Library/Frameworks/JavaVM.framework/Versions/A/JavaVM
0x00000000016c5000 	/System/Library/Frameworks/Carbon.framework/Versions/A/Carbon
0x00000008e3860000 	/System/Library/PrivateFrameworks/JavaLaunching.framework/Versions/A/JavaLaunching
0x00000000016c5000 	/System/Library/Frameworks/Carbon.framework/Versions/A/Frameworks/CommonPanels.framework/Versions/A/CommonPanels
0x00000000016c5000 	/System/Library/Frameworks/Carbon.framework/Versions/A/Frameworks/Help.framework/Versions/A/Help
0x00000000016c5000 	/System/Library/Frameworks/Carbon.framework/Versions/A/Frameworks/ImageCapture.framework/Versions/A/ImageCapture
0x00000000016c5000 	/System/Library/Frameworks/Carbon.framework/Versions/A/Frameworks/OpenScripting.framework/Versions/A/OpenScripting
0x00000000016c5000 	/System/Library/Frameworks/Carbon.framework/Versions/A/Frameworks/Print.framework/Versions/A/Print
0x00000000016c5000 	/System/Library/Frameworks/Carbon.framework/Versions/A/Frameworks/SecurityHI.framework/Versions/A/SecurityHI
0x00000008e4052000 	/Library/Java/JavaVirtualMachines/1.7.0.jdk/Contents/Home/jre/lib/libnet.dylib
0x00000008e40fb000 	/Library/Java/JavaVirtualMachines/1.7.0.jdk/Contents/Home/jre/lib/libnio.dylib

VM Arguments:
jvm_args: -Dant.home=/Applications/eclipse 3.7/plugins/org.apache.ant_1.8.2.v20120109-1030 -Dant.library.dir=/Applications/eclipse 3.7/plugins/org.apache.ant_1.8.2.v20120109-1030/lib -Djava.library.path=.:/Library/Java/Extensions:/System/Library/Java/Extensions:/usr/lib/java:/Applications/eclipse 3.7/configuration/org.eclipse.osgi/bundles/249/1/.cp -Dfile.encoding=MacRoman 
java_command: org.eclipse.ant.internal.launching.remote.InternalAntRunner -Dorg.eclipse.ant.core.ANT_PROCESS_ID=1348584329179 -Declipse.connect.port=61261 -Dant.home=/Applications/eclipse 3.7/plugins/org.apache.ant_1.8.2.v20120109-1030 -logger org.eclipse.ant.internal.launching.remote.logger.RemoteAntBuildLogger -inputhandler org.eclipse.ant.internal.ui.antsupport.inputhandler.ProxyInputHandler -buildfile /Users/fhuet/Documents/workspaces/imagessimilaires/surfjavacl/build-OSX.xml
Launcher Type: SUN_STANDARD

Environment Variables:
PATH=/usr/bin:/bin:/usr/sbin:/sbin
SHELL=/bin/bash
DISPLAY=/tmp/launch-pqMg3P/org.x:0

Signal Handlers:
SIGSEGV: [libjvm.dylib+0x4a177d], sa_mask[0]=0xfffefeff, sa_flags=0x00000042
SIGBUS: [libjvm.dylib+0x4a177d], sa_mask[0]=0xfffefeff, sa_flags=0x00000042
SIGFPE: [libjvm.dylib+0x3b1541], sa_mask[0]=0xfffefeff, sa_flags=0x00000042
SIGPIPE: [libjvm.dylib+0x3b1541], sa_mask[0]=0xfffefeff, sa_flags=0x00000042
SIGXFSZ: [libjvm.dylib+0x3b1541], sa_mask[0]=0xfffefeff, sa_flags=0x00000042
SIGILL: [libjvm.dylib+0x3b1541], sa_mask[0]=0xfffefeff, sa_flags=0x00000042
SIGUSR1: SIG_DFL, sa_mask[0]=0x00000000, sa_flags=0x00000002
SIGUSR2: [libjvm.dylib+0x3b10ce], sa_mask[0]=0x00000004, sa_flags=0x00000042
SIGHUP: [libjvm.dylib+0x3af2f3], sa_mask[0]=0xfffefeff, sa_flags=0x00000042
SIGINT: [libjvm.dylib+0x3af2f3], sa_mask[0]=0xfffefeff, sa_flags=0x00000042
SIGTERM: [libjvm.dylib+0x3af2f3], sa_mask[0]=0xfffefeff, sa_flags=0x00000042
SIGQUIT: [libjvm.dylib+0x3af2f3], sa_mask[0]=0xfffefeff, sa_flags=0x00000042


---------------  S Y S T E M  ---------------

OS:Bsd
uname:Darwin 11.4.0 Darwin Kernel Version 11.4.0: Mon Apr  9 19:32:15 PDT 2012; root:xnu-1699.26.8~1/RELEASE_X86_64 x86_64
rlimit: STACK 8192k, CORE 0k, NPROC 709, NOFILE 10240
CPU:total 8 (4 cores per cpu, 2 threads per core) family 6 model 42 stepping 7, cmov, cx8, fxsr, mmx, sse, sse2, sse3, ssse3, sse4.1, sse4.2, popcnt, avx, ht, tsc, tscinvbit

Memory: 4k page, physical 137435648652k(34358912163k free)

/proc/meminfo:


vm_info: Java HotSpot(TM) 64-Bit Server VM (23.0-b21) for bsd-amd64 JRE (1.7.0_04-b21), built on Apr 19 2012 22:33:17 by "java_re" with gcc 4.2.1 (Based on Apple Inc. build 5658) (LLVM build 2336.1.00)

time: Tue Sep 25 16:45:34 2012
elapsed time: 3 seconds

