#
# A fatal error has been detected by the Java Runtime Environment:
#
#  SIGBUS (0xa) at pc=0x000000010fa75490, pid=35780, tid=140735109728608
#
# JRE version: 7.0_04-b21
# Java VM: Java HotSpot(TM) 64-Bit Server VM (23.0-b21 mixed mode bsd-amd64 compressed oops)
# Problematic frame:
# J  org.apache.tools.zip.ZipEntry.hashCode()I
#
# Failed to write core dump. Core dumps have been disabled. To enable core dumping, try "ulimit -c unlimited" before starting Java again
#
# If you would like to submit a bug report, please visit:
#   http://bugreport.sun.com/bugreport/crash.jsp
#

---------------  T H R E A D  ---------------

Current thread (0x00007ff3aa801800):  JavaThread "main" [_thread_in_Java, id=1916340576, stack(0x00007fff6e0e7000,0x00007fff6e8e7000)]

siginfo:si_signo=SIGBUS: si_errno=0, si_code=2 (BUS_ADRERR), si_addr=0x0000000112aaf018

Registers:
RAX=0x000000011304e1a0, RBX=0x000000011304de00, RCX=0x00000006191b9598, RDX=0x00000006191b8e68
RSP=0x00007fff6e8e24b0, RBP=0x00000006191a9870, RSI=0x00000006191b8e68, RDI=0x00007ff3aa801800
R8 =0x00007ff3a8602b20, R9 =0x0000000000000000, R10=0x000000011304de00, R11=0x0000000112ab23e8
R12=0x0000000112aaf000, R13=0x00007fff6e8e2548, R14=0x00007fff6e8e25e8, R15=0x00007ff3aa801800
RIP=0x000000010fa75490, EFLAGS=0x0000000000010202, ERR=0x0000000000000004
  TRAPNO=0x000000000000000e

Top of Stack: (sp=0x00007fff6e8e24b0)
0x00007fff6e8e24b0:   000000010f9f61c3 000000010f9de410
0x00007fff6e8e24c0:   00007ff300000000 00007fff6e8e25a0
0x00007fff6e8e24d0:   00000006191a9870 000000010fa885f8
0x00007fff6e8e24e0:   000000010f9f61c3 00000006191b9598
0x00007fff6e8e24f0:   00000001000b3e34 00007fff6e8e25a0
0x00007fff6e8e2500:   00007fff6e8e2548 00000006191b8e68
0x00007fff6e8e2510:   0000000112aaf000 000000011304752a
0x00007fff6e8e2520:   00007fff6e8e25e8 00007ff3aa801800
0x00007fff6e8e2530:   00007fff6e8e25a0 000000010f9df9e1
0x00007fff6e8e2540:   000000010f9df9e1 00000006191b9598
0x00007fff6e8e2550:   00000006191b8e68 00000006191a9870
0x00007fff6e8e2560:   00007fff6e8e2560 000000011304752a
0x00007fff6e8e2570:   00007fff6e8e25e8 0000000113048c30
0x00007fff6e8e2580:   0000000000000000 0000000113047720
0x00007fff6e8e2590:   00007fff6e8e2548 00007fff6e8e25e0
0x00007fff6e8e25a0:   00007fff6e8e2630 000000010f9df158
0x00007fff6e8e25b0:   0000000000000000 0000000000000000
0x00007fff6e8e25c0:   0000000000000000 00000006191b9568
0x00007fff6e8e25d0:   0000000614ccc0c0 0000000000000001
0x00007fff6e8e25e0:   00000006191b8e68 00000006191a97d0
0x00007fff6e8e25f0:   00007fff6e8e25f0 0000000113046a14
0x00007fff6e8e2600:   00007fff6e8e2648 0000000113048c30
0x00007fff6e8e2610:   0000000000000000 0000000113046a50
0x00007fff6e8e2620:   00007fff6e8e25e0 00007fff6e8e2640
0x00007fff6e8e2630:   00007fff6e8e2690 000000010f9df158
0x00007fff6e8e2640:   00000006191b8e68 00000006191a97d0
0x00007fff6e8e2650:   00007fff6e8e2650 000000011310d0c8
0x00007fff6e8e2660:   00007fff6e8e26d8 0000000113125508
0x00007fff6e8e2670:   0000000000000000 000000011310d150
0x00007fff6e8e2680:   00007fff6e8e2640 00007fff6e8e26b0
0x00007fff6e8e2690:   00007fff6e8e2720 000000010f9df158
0x00007fff6e8e26a0:   00000000000007cf 00000006191b8e68 

Instructions: (pc=0x000000010fa75490)
0x000000010fa75470:   ec b5 f9 ff 0f 1f 84 00 00 00 00 00 66 66 66 90
0x000000010fa75480:   89 84 24 00 c0 fe ff 55 48 83 ec 20 44 8b 4e 58
0x000000010fa75490:   43 8b 44 cc 18 85 c0 0f 85 05 01 00 00 43 8b 7c
0x000000010fa754a0:   cc 14 33 db 85 ff 0f 8e 1d 01 00 00 43 8b 4c cc 

Register to memory mapping:

RAX=0x000000011304e1a0 is an oop
{instance class} 
 - klass: {other class}
RBX=0x000000011304de00 is an oop
{method} 
 - klass: {other class}
RCX=0x00000006191b9598 is an oop
[B 
 - klass: {type array byte}
 - length: 4
RDX=0x00000006191b8e68 is an oop
org.apache.tools.zip.ZipEntry 
 - klass: 'org/apache/tools/zip/ZipEntry'
RSP=0x00007fff6e8e24b0 is pointing into the stack for thread: 0x00007ff3aa801800
RBP=0x00000006191a9870 is an oop
java.util.HashMap 
 - klass: 'java/util/HashMap'
RSI=0x00000006191b8e68 is an oop
org.apache.tools.zip.ZipEntry 
 - klass: 'org/apache/tools/zip/ZipEntry'
RDI=0x00007ff3aa801800 is a thread
R8 =0x00007ff3a8602b20 is an unknown value
R9 =0x0000000000000000 is an unknown value
R10=0x000000011304de00 is an oop
{method} 
 - klass: {other class}
R11=0x0000000112ab23e8 is an oop
{method} 
 - klass: {other class}
R12=0x0000000112aaf000 is an unknown value
R13=0x00007fff6e8e2548 is pointing into the stack for thread: 0x00007ff3aa801800
R14=0x00007fff6e8e25e8 is pointing into the stack for thread: 0x00007ff3aa801800
R15=0x00007ff3aa801800 is a thread


Stack: [0x00007fff6e0e7000,0x00007fff6e8e7000],  sp=0x00007fff6e8e24b0,  free space=8173k
Native frames: (J=compiled Java code, j=interpreted, Vv=VM code, C=native code)
J  org.apache.tools.zip.ZipEntry.hashCode()I


---------------  P R O C E S S  ---------------

Java Threads: ( => current thread )
  0x00007ff3a9039000 JavaThread "Service Thread" daemon [_thread_blocked, id=-420876288, stack(0x00000008e6d9f000,0x00000008e6e9f000)]
  0x00007ff3a9038000 JavaThread "C2 CompilerThread1" daemon [_thread_blocked, id=-421937152, stack(0x00000008e6c9c000,0x00000008e6d9c000)]
  0x00007ff3a9036800 JavaThread "C2 CompilerThread0" daemon [_thread_blocked, id=-422998016, stack(0x00000008e6b99000,0x00000008e6c99000)]
  0x00007ff3a9035800 JavaThread "Signal Dispatcher" daemon [_thread_blocked, id=-424058880, stack(0x00000008e6a96000,0x00000008e6b96000)]
  0x00007ff3a9016000 JavaThread "Finalizer" daemon [_thread_blocked, id=-427278336, stack(0x00000008e6784000,0x00000008e6884000)]
  0x00007ff3aa821800 JavaThread "Reference Handler" daemon [_thread_blocked, id=-428339200, stack(0x00000008e6681000,0x00000008e6781000)]
=>0x00007ff3aa801800 JavaThread "main" [_thread_in_Java, id=1916340576, stack(0x00007fff6e0e7000,0x00007fff6e8e7000)]

Other Threads:
  0x00007ff3a9015800 VMThread [stack: 0x00000008e657e000,0x00000008e667e000] [id=-429400064]
  0x00007ff3a9026000 WatcherThread [stack: 0x00000008e6ea2000,0x00000008e6fa2000] [id=-419815424]

VM state:not at safepoint (normal execution)

VM Mutex/Monitor currently owned by a thread: None

Heap
 PSYoungGen      total 611648K, used 83995K [0x0000000614610000, 0x000000063f0b0000, 0x0000000892ab0000)
  eden space 524288K, 16% used [0x0000000614610000,0x0000000619816d08,0x0000000634610000)
  from space 87360K, 0% used [0x0000000639b60000,0x0000000639b60000,0x000000063f0b0000)
  to   space 87360K, 0% used [0x0000000634610000,0x0000000634610000,0x0000000639b60000)
 ParOldGen       total 1398144K, used 0K [0x0000000117cb0000, 0x000000016d210000, 0x0000000614610000)
  object space 1398144K, 0% used [0x0000000117cb0000,0x0000000117cb0000,0x000000016d210000)
 PSPermGen       total 21248K, used 7231K [0x0000000112ab0000, 0x0000000113f70000, 0x0000000117cb0000)
  object space 21248K, 34% used [0x0000000112ab0000,0x00000001131bfda0,0x0000000113f70000)

Code Cache  [0x000000010f9d9000, 0x000000010fc49000, 0x00000001129d9000)
 total_blobs=465 nmethods=228 adapters=189 free_code_cache=48321Kb largest_free_block=49453760

Compilation events (10 events):
Event: 2.924 Thread 0x00007ff3a9036800 nmethod 222 0x000000010faa0010 code [0x000000010faa0160, 0x000000010faa02b8]
Event: 2.924 Thread 0x00007ff3a9036800  223             sun.util.calendar.BaseCalendar::isLeapYear (12 bytes)
Event: 2.925 Thread 0x00007ff3a9036800 nmethod 223 0x000000010fa9fd50 code [0x000000010fa9fe80, 0x000000010fa9ff58]
Event: 2.927 Thread 0x00007ff3a9038000 nmethod 219 0x000000010fa9f550 code [0x000000010fa9f6c0, 0x000000010fa9fa58]
Event: 2.930 Thread 0x00007ff3a9036800  224             java.util.HashMap$HashIterator::hasNext (13 bytes)
Event: 2.930 Thread 0x00007ff3a9036800 nmethod 224 0x000000010fa9f350 code [0x000000010fa9f480, 0x000000010fa9f4f8]
Event: 2.933 Thread 0x00007ff3a9038000  225             java.util.HashMap$KeyIterator::next (8 bytes)
Event: 2.934 Thread 0x00007ff3a9038000 nmethod 225 0x000000010fa9ef50 code [0x000000010fa9f0a0, 0x000000010fa9f218]
Event: 2.939 Thread 0x00007ff3a9036800  226   !         java.io.BufferedReader::readLine (304 bytes)
Event: 2.955 Thread 0x00007ff3a9036800 nmethod 226 0x000000010faad050 code [0x000000010faad260, 0x000000010faaead0]

GC Heap History (0 events):
No events

Deoptimization events (10 events):
Event: 1.350 Thread 0x00007ff3aa801800 Uncommon trap -12 fr.pc 0x000000010fa3fab8
Event: 1.631 Thread 0x00007ff3aa801800 Uncommon trap -34 fr.pc 0x000000010fa404b0
Event: 1.638 Thread 0x00007ff3aa801800 Uncommon trap -34 fr.pc 0x000000010fa404b0
Event: 2.712 Thread 0x00007ff3aa801800 Uncommon trap -34 fr.pc 0x000000010fa73094
Event: 2.712 Thread 0x00007ff3aa801800 Uncommon trap -34 fr.pc 0x000000010fa73094
Event: 2.712 Thread 0x00007ff3aa801800 Uncommon trap -34 fr.pc 0x000000010fa73094
Event: 2.712 Thread 0x00007ff3aa801800 Uncommon trap -34 fr.pc 0x000000010fa73094
Event: 2.768 Thread 0x00007ff3aa801800 Uncommon trap -83 fr.pc 0x000000010fa83bf0
Event: 2.957 Thread 0x00007ff3aa801800 Uncommon trap -83 fr.pc 0x000000010fa581e0
Event: 2.957 Thread 0x00007ff3aa801800 Uncommon trap -34 fr.pc 0x000000010faa3834

Internal exceptions (10 events):
Event: 2.089 Thread 0x00007ff3aa801800 Threw 0x0000000615306ec8 at /HUDSON/workspace/jdk7u4-2-build-macosx-x86_64-product/jdk7u4/hotspot/src/share/vm/prims/jvm.cpp:1166
Event: 2.090 Thread 0x00007ff3aa801800 Threw 0x0000000615310d38 at /HUDSON/workspace/jdk7u4-2-build-macosx-x86_64-product/jdk7u4/hotspot/src/share/vm/prims/jvm.cpp:1166
Event: 2.091 Thread 0x00007ff3aa801800 Threw 0x0000000615319660 at /HUDSON/workspace/jdk7u4-2-build-macosx-x86_64-product/jdk7u4/hotspot/src/share/vm/prims/jvm.cpp:1166
Event: 2.092 Thread 0x00007ff3aa801800 Threw 0x0000000615325500 at /HUDSON/workspace/jdk7u4-2-build-macosx-x86_64-product/jdk7u4/hotspot/src/share/vm/prims/jvm.cpp:1166
Event: 2.225 Thread 0x00007ff3aa801800 Threw 0x000000061542fbb0 at /HUDSON/workspace/jdk7u4-2-build-macosx-x86_64-product/jdk7u4/hotspot/src/share/vm/prims/jvm.cpp:1166
Event: 2.226 Thread 0x00007ff3aa801800 Threw 0x0000000615438b68 at /HUDSON/workspace/jdk7u4-2-build-macosx-x86_64-product/jdk7u4/hotspot/src/share/vm/prims/jvm.cpp:1166
Event: 2.227 Thread 0x00007ff3aa801800 Threw 0x0000000615441aa8 at /HUDSON/workspace/jdk7u4-2-build-macosx-x86_64-product/jdk7u4/hotspot/src/share/vm/prims/jvm.cpp:1166
Event: 2.644 Thread 0x00007ff3aa801800 Threw 0x0000000615ff5060 at /HUDSON/workspace/jdk7u4-2-build-macosx-x86_64-product/jdk7u4/hotspot/src/share/vm/prims/jvm.cpp:1166
Event: 2.712 Thread 0x00007ff3aa801800 Threw 0x00000006162f2858 at /HUDSON/workspace/jdk7u4-2-build-macosx-x86_64-product/jdk7u4/hotspot/src/share/vm/prims/jvm.cpp:1166
Event: 2.777 Thread 0x00007ff3aa801800 Threw 0x00000006184fdd68 at /HUDSON/workspace/jdk7u4-2-build-macosx-x86_64-product/jdk7u4/hotspot/src/share/vm/prims/jni.cpp:715

Events (10 events):
Event: 2.712 Thread 0x00007ff3aa801800 DEOPT PACKING pc=0x000000010fa73094 sp=0x00007fff6e8e2200
Event: 2.712 Thread 0x00007ff3aa801800 DEOPT UNPACKING pc=0x000000010fa12145 sp=0x00007fff6e8e21c8 mode 2
Event: 2.768 Thread 0x00007ff3aa801800 DEOPT PACKING pc=0x000000010fa83bf0 sp=0x00007fff6e8e21b0
Event: 2.768 Thread 0x00007ff3aa801800 DEOPT UNPACKING pc=0x000000010fa12145 sp=0x00007fff6e8e2160 mode 2
Event: 2.940 loading class 0x00007ff3a855a1b0
Event: 2.956 loading class 0x00007ff3a855a1b0 done
Event: 2.957 Thread 0x00007ff3aa801800 DEOPT PACKING pc=0x000000010fa581e0 sp=0x00007fff6e8e2540
Event: 2.957 Thread 0x00007ff3aa801800 DEOPT UNPACKING pc=0x000000010fa12145 sp=0x00007fff6e8e2508 mode 2
Event: 2.957 Thread 0x00007ff3aa801800 DEOPT PACKING pc=0x000000010faa3834 sp=0x00007fff6e8e2430
Event: 2.957 Thread 0x00007ff3aa801800 DEOPT UNPACKING pc=0x000000010fa12145 sp=0x00007fff6e8e23f0 mode 2


Dynamic libraries:
0x00000000016c5000 	/System/Library/Frameworks/Cocoa.framework/Versions/A/Cocoa
0x00000000016c5000 	/System/Library/Frameworks/Security.framework/Versions/A/Security
0x00000000016c5000 	/System/Library/Frameworks/ApplicationServices.framework/Versions/A/ApplicationServices
0x00000000016c5000 	/usr/lib/libz.1.dylib
0x00000000016c5000 	/usr/lib/libSystem.B.dylib
0x00000000016c5000 	/usr/lib/libobjc.A.dylib
0x00000000016c5000 	/System/Library/Frameworks/CoreFoundation.framework/Versions/A/CoreFoundation
0x00000000016c5000 	/System/Library/Frameworks/AppKit.framework/Versions/C/AppKit
0x00000000016c5000 	/System/Library/Frameworks/CoreData.framework/Versions/A/CoreData
0x00000000016c5000 	/System/Library/Frameworks/Foundation.framework/Versions/C/Foundation
0x00000000016c5000 	/System/Library/PrivateFrameworks/RemoteViewServices.framework/Versions/A/RemoteViewServices
0x00000000016c5000 	/System/Library/Frameworks/AudioToolbox.framework/Versions/A/AudioToolbox
0x00000000016c5000 	/System/Library/Frameworks/AudioUnit.framework/Versions/A/AudioUnit
0x00000000016c5000 	/System/Library/PrivateFrameworks/DataDetectorsCore.framework/Versions/A/DataDetectorsCore
0x00000000016c5000 	/System/Library/PrivateFrameworks/DesktopServicesPriv.framework/Versions/A/DesktopServicesPriv
0x00000000016c5000 	/System/Library/Frameworks/Carbon.framework/Versions/A/Frameworks/HIToolbox.framework/Versions/A/HIToolbox
0x00000000016c5000 	/System/Library/Frameworks/QuartzCore.framework/Versions/A/QuartzCore
0x00000000016c5000 	/System/Library/Frameworks/Carbon.framework/Versions/A/Frameworks/SpeechRecognition.framework/Versions/A/SpeechRecognition
0x00000000016c5000 	/usr/lib/libauto.dylib
0x00000000016c5000 	/usr/lib/libicucore.A.dylib
0x00000000016c5000 	/usr/lib/libxml2.2.dylib
0x00000000016c5000 	/System/Library/PrivateFrameworks/CoreUI.framework/Versions/A/CoreUI
0x00000000016c5000 	/System/Library/Frameworks/CoreAudio.framework/Versions/A/CoreAudio
0x00000000016c5000 	/System/Library/Frameworks/DiskArbitration.framework/Versions/A/DiskArbitration
0x00000000016c5000 	/usr/lib/liblangid.dylib
0x00000000016c5000 	/System/Library/PrivateFrameworks/MultitouchSupport.framework/Versions/A/MultitouchSupport
0x00000000016c5000 	/System/Library/Frameworks/IOKit.framework/Versions/A/IOKit
0x00000000016c5000 	/usr/lib/libDiagnosticMessagesClient.dylib
0x00000000016c5000 	/System/Library/Frameworks/CoreServices.framework/Versions/A/CoreServices
0x00000000016c5000 	/System/Library/PrivateFrameworks/PerformanceAnalysis.framework/Versions/A/PerformanceAnalysis
0x00000000016c5000 	/System/Library/PrivateFrameworks/GenerationalStorage.framework/Versions/A/GenerationalStorage
0x00000000016c5000 	/System/Library/Frameworks/OpenGL.framework/Versions/A/OpenGL
0x00000000016c5000 	/System/Library/Frameworks/CoreServices.framework/Versions/A/Frameworks/CFNetwork.framework/Versions/A/CFNetwork
0x00000000016c5000 	/System/Library/Frameworks/SystemConfiguration.framework/Versions/A/SystemConfiguration
0x00000000016c5000 	/usr/lib/libCRFSuite.dylib
0x00000000016c5000 	/usr/lib/libc++.1.dylib
0x00000000016c5000 	/usr/lib/libstdc++.6.dylib
0x00000000016c5000 	/usr/lib/libc++abi.dylib
0x00000000016c5000 	/usr/lib/system/libcache.dylib
0x00000000016c5000 	/usr/lib/system/libcommonCrypto.dylib
0x00000000016c5000 	/usr/lib/system/libcompiler_rt.dylib
0x00000000016c5000 	/usr/lib/system/libcopyfile.dylib
0x00000000016c5000 	/usr/lib/system/libdispatch.dylib
0x00000000016c5000 	/usr/lib/system/libdnsinfo.dylib
0x00000000016c5000 	/usr/lib/system/libdyld.dylib
0x00000000016c5000 	/usr/lib/system/libkeymgr.dylib
0x00000000016c5000 	/usr/lib/system/liblaunch.dylib
0x00000000016c5000 	/usr/lib/system/libmacho.dylib
0x00000000016c5000 	/usr/lib/system/libmathCommon.A.dylib
0x00000000016c5000 	/usr/lib/system/libquarantine.dylib
0x00000000016c5000 	/usr/lib/system/libremovefile.dylib
0x00000000016c5000 	/usr/lib/system/libsystem_blocks.dylib
0x00000000016c5000 	/usr/lib/system/libsystem_c.dylib
0x00000000016c5000 	/usr/lib/system/libsystem_dnssd.dylib
0x00000000016c5000 	/usr/lib/system/libsystem_info.dylib
0x00000000016c5000 	/usr/lib/system/libsystem_kernel.dylib
0x00000000016c5000 	/usr/lib/system/libsystem_network.dylib
0x00000000016c5000 	/usr/lib/system/libsystem_notify.dylib
0x00000000016c5000 	/usr/lib/system/libsystem_sandbox.dylib
0x00000000016c5000 	/usr/lib/system/libunc.dylib
0x00000000016c5000 	/usr/lib/system/libunwind.dylib
0x00000000016c5000 	/usr/lib/system/libxpc.dylib
0x00000000016c5000 	/usr/lib/libbsm.0.dylib
0x00000000016c5000 	/usr/lib/libsqlite3.dylib
0x00000000016c5000 	/usr/lib/libpam.2.dylib
0x00000000016c5000 	/usr/lib/libxar-nossl.dylib
0x00000000016c5000 	/usr/lib/libbz2.1.0.dylib
0x00000000016c5000 	/System/Library/Frameworks/CoreServices.framework/Versions/A/Frameworks/CarbonCore.framework/Versions/A/CarbonCore
0x00000000016c5000 	/System/Library/Frameworks/CoreServices.framework/Versions/A/Frameworks/Metadata.framework/Versions/A/Metadata
0x00000000016c5000 	/System/Library/Frameworks/CoreServices.framework/Versions/A/Frameworks/OSServices.framework/Versions/A/OSServices
0x00000000016c5000 	/System/Library/Frameworks/CoreServices.framework/Versions/A/Frameworks/SearchKit.framework/Versions/A/SearchKit
0x00000000016c5000 	/System/Library/Frameworks/CoreServices.framework/Versions/A/Frameworks/AE.framework/Versions/A/AE
0x00000000016c5000 	/System/Library/Frameworks/CoreServices.framework/Versions/A/Frameworks/LaunchServices.framework/Versions/A/LaunchServices
0x00000000016c5000 	/System/Library/Frameworks/CoreServices.framework/Versions/A/Frameworks/DictionaryServices.framework/Versions/A/DictionaryServices
0x00000000016c5000 	/System/Library/Frameworks/NetFS.framework/Versions/A/NetFS
0x00000000016c5000 	/usr/lib/system/libkxld.dylib
0x00000000016c5000 	/System/Library/PrivateFrameworks/NetAuth.framework/Versions/A/NetAuth
0x00000000016c5000 	/usr/lib/libcrypto.0.9.8.dylib
0x00000000016c5000 	/System/Library/PrivateFrameworks/TrustEvaluationAgent.framework/Versions/A/TrustEvaluationAgent
0x00000000016c5000 	/System/Library/Frameworks/OpenDirectory.framework/Versions/A/Frameworks/CFOpenDirectory.framework/Versions/A/CFOpenDirectory
0x00000000016c5000 	/usr/lib/libxslt.1.dylib
0x00000000016c5000 	/System/Library/PrivateFrameworks/FamilyControls.framework/Versions/A/FamilyControls
0x00000000016c5000 	/System/Library/Frameworks/Carbon.framework/Versions/A/Frameworks/Ink.framework/Versions/A/Ink
0x00000000016c5000 	/System/Library/Frameworks/ApplicationServices.framework/Versions/A/Frameworks/CoreGraphics.framework/Versions/A/CoreGraphics
0x00000000016c5000 	/System/Library/Frameworks/ApplicationServices.framework/Versions/A/Frameworks/ImageIO.framework/Versions/A/ImageIO
0x00000000016c5000 	/System/Library/Frameworks/ApplicationServices.framework/Versions/A/Frameworks/CoreText.framework/Versions/A/CoreText
0x00000000016c5000 	/System/Library/Frameworks/ApplicationServices.framework/Versions/A/Frameworks/ATS.framework/Versions/A/ATS
0x00000000016c5000 	/System/Library/Frameworks/ApplicationServices.framework/Versions/A/Frameworks/ColorSync.framework/Versions/A/ColorSync
0x00000000016c5000 	/System/Library/Frameworks/ApplicationServices.framework/Versions/A/Frameworks/HIServices.framework/Versions/A/HIServices
0x00000000016c5000 	/System/Library/Frameworks/ApplicationServices.framework/Versions/A/Frameworks/LangAnalysis.framework/Versions/A/LangAnalysis
0x00000000016c5000 	/System/Library/Frameworks/ApplicationServices.framework/Versions/A/Frameworks/PrintCore.framework/Versions/A/PrintCore
0x00000000016c5000 	/System/Library/Frameworks/ApplicationServices.framework/Versions/A/Frameworks/QD.framework/Versions/A/QD
0x00000000016c5000 	/System/Library/Frameworks/ApplicationServices.framework/Versions/A/Frameworks/SpeechSynthesis.framework/Versions/A/SpeechSynthesis
0x00000000016c5000 	/System/Library/Frameworks/IOSurface.framework/Versions/A/IOSurface
0x00000000016c5000 	/System/Library/Frameworks/Accelerate.framework/Versions/A/Accelerate
0x00000000016c5000 	/System/Library/Frameworks/ApplicationServices.framework/Versions/A/Frameworks/ImageIO.framework/Versions/A/Resources/libJPEG.dylib
0x00000000016c5000 	/System/Library/Frameworks/ApplicationServices.framework/Versions/A/Frameworks/ImageIO.framework/Versions/A/Resources/libTIFF.dylib
0x00000000016c5000 	/System/Library/Frameworks/ApplicationServices.framework/Versions/A/Frameworks/ImageIO.framework/Versions/A/Resources/libPng.dylib
0x00000000016c5000 	/System/Library/Frameworks/ApplicationServices.framework/Versions/A/Frameworks/ImageIO.framework/Versions/A/Resources/libGIF.dylib
0x00000000016c5000 	/System/Library/Frameworks/ApplicationServices.framework/Versions/A/Frameworks/ImageIO.framework/Versions/A/Resources/libJP2.dylib
0x00000000016c5000 	/System/Library/Frameworks/ApplicationServices.framework/Versions/A/Frameworks/ImageIO.framework/Versions/A/Resources/libRadiance.dylib
0x00000000016c5000 	/System/Library/Frameworks/Accelerate.framework/Versions/A/Frameworks/vImage.framework/Versions/A/vImage
0x00000000016c5000 	/System/Library/Frameworks/Accelerate.framework/Versions/A/Frameworks/vecLib.framework/Versions/A/vecLib
0x00000000016c5000 	/System/Library/Frameworks/Accelerate.framework/Versions/A/Frameworks/vecLib.framework/Versions/A/libvDSP.dylib
0x00000000016c5000 	/System/Library/Frameworks/Accelerate.framework/Versions/A/Frameworks/vecLib.framework/Versions/A/libvMisc.dylib
0x00000000016c5000 	/System/Library/Frameworks/Accelerate.framework/Versions/A/Frameworks/vecLib.framework/Versions/A/libLAPACK.dylib
0x00000000016c5000 	/System/Library/Frameworks/Accelerate.framework/Versions/A/Frameworks/vecLib.framework/Versions/A/libBLAS.dylib
0x00000000016c5000 	/System/Library/Frameworks/ApplicationServices.framework/Versions/A/Frameworks/ATS.framework/Versions/A/Resources/libFontParser.dylib
0x00000000016c5000 	/System/Library/Frameworks/ApplicationServices.framework/Versions/A/Frameworks/ATS.framework/Versions/A/Resources/libFontRegistry.dylib
0x00000000016c5000 	/usr/lib/libcups.2.dylib
0x00000000016c5000 	/System/Library/Frameworks/Kerberos.framework/Versions/A/Kerberos
0x00000000016c5000 	/System/Library/Frameworks/GSS.framework/Versions/A/GSS
0x00000000016c5000 	/usr/lib/libresolv.9.dylib
0x00000000016c5000 	/usr/lib/libiconv.2.dylib
0x00000000016c5000 	/System/Library/PrivateFrameworks/Heimdal.framework/Versions/A/Heimdal
0x00000000016c5000 	/System/Library/Frameworks/OpenDirectory.framework/Versions/A/OpenDirectory
0x00000000016c5000 	/System/Library/PrivateFrameworks/CommonAuth.framework/Versions/A/CommonAuth
0x00000000016c5000 	/System/Library/Frameworks/CoreVideo.framework/Versions/A/CoreVideo
0x00000000016c5000 	/System/Library/Frameworks/QuartzCore.framework/Versions/A/Frameworks/CoreImage.framework/Versions/A/CoreImage
0x00000000016c5000 	/System/Library/Frameworks/QuartzCore.framework/Versions/A/Frameworks/ScalableUserInterface.framework/Versions/A/ScalableUserInterface
0x00000000016c5000 	/System/Library/Frameworks/OpenGL.framework/Versions/A/Libraries/libGLU.dylib
0x00000000016c5000 	/System/Library/Frameworks/OpenGL.framework/Versions/A/Libraries/libGFXShared.dylib
0x00000000016c5000 	/System/Library/Frameworks/OpenGL.framework/Versions/A/Libraries/libGL.dylib
0x00000000016c5000 	/System/Library/Frameworks/OpenGL.framework/Versions/A/Libraries/libGLImage.dylib
0x00000000016c5000 	/System/Library/Frameworks/OpenGL.framework/Versions/A/Libraries/libCVMSPluginSupport.dylib
0x00000000016c5000 	/System/Library/Frameworks/OpenGL.framework/Versions/A/Libraries/libCoreVMClient.dylib
0x00000000016c5000 	/System/Library/Frameworks/OpenCL.framework/Versions/A/OpenCL
0x00000000016c5000 	/System/Library/PrivateFrameworks/FaceCoreLight.framework/Versions/A/FaceCoreLight
0x00000000016c5000 	/System/Library/Frameworks/vecLib.framework/Versions/A/vecLib
0x00000000016c5000 	/System/Library/Frameworks/SecurityFoundation.framework/Versions/A/SecurityFoundation
0x00000000016c5000 	/System/Library/PrivateFrameworks/CommerceKit.framework/Versions/A/Frameworks/CommerceCore.framework/Versions/A/CommerceCore
0x00000000016c5000 	/System/Library/PrivateFrameworks/CoreSymbolication.framework/Versions/A/CoreSymbolication
0x00000000016c5000 	/System/Library/PrivateFrameworks/Symbolication.framework/Versions/A/Symbolication
0x00000000016c5000 	/System/Library/PrivateFrameworks/DebugSymbols.framework/Versions/A/DebugSymbols
0x000000010ef00000 	/Library/Java/JavaVirtualMachines/1.7.0.jdk/Contents/Home/jre/lib/server/libjvm.dylib
0x000000010ede1000 	/Library/Java/JavaVirtualMachines/1.7.0.jdk/Contents/Home/jre/lib/libverify.dylib
0x000000010f9a0000 	/Library/Java/JavaVirtualMachines/1.7.0.jdk/Contents/Home/jre/lib/libjava.dylib
0x000000010f9d0000 	/Library/Java/JavaVirtualMachines/1.7.0.jdk/Contents/Home/jre/lib/libzip.dylib
0x00000008e6886000 	/System/Library/Frameworks/JavaVM.framework/Frameworks/JavaRuntimeSupport.framework/JavaRuntimeSupport
0x00000008e689e000 	/System/Library/Frameworks/JavaVM.framework/Versions/A/Frameworks/JavaNativeFoundation.framework/Versions/A/JavaNativeFoundation
0x00000008e68b3000 	/System/Library/Frameworks/JavaVM.framework/Versions/A/JavaVM
0x00000000016c5000 	/System/Library/Frameworks/Carbon.framework/Versions/A/Carbon
0x00000008e68c0000 	/System/Library/PrivateFrameworks/JavaLaunching.framework/Versions/A/JavaLaunching
0x00000000016c5000 	/System/Library/Frameworks/Carbon.framework/Versions/A/Frameworks/CommonPanels.framework/Versions/A/CommonPanels
0x00000000016c5000 	/System/Library/Frameworks/Carbon.framework/Versions/A/Frameworks/Help.framework/Versions/A/Help
0x00000000016c5000 	/System/Library/Frameworks/Carbon.framework/Versions/A/Frameworks/ImageCapture.framework/Versions/A/ImageCapture
0x00000000016c5000 	/System/Library/Frameworks/Carbon.framework/Versions/A/Frameworks/OpenScripting.framework/Versions/A/OpenScripting
0x00000000016c5000 	/System/Library/Frameworks/Carbon.framework/Versions/A/Frameworks/Print.framework/Versions/A/Print
0x00000000016c5000 	/System/Library/Frameworks/Carbon.framework/Versions/A/Frameworks/SecurityHI.framework/Versions/A/SecurityHI
0x00000008e70a5000 	/Library/Java/JavaVirtualMachines/1.7.0.jdk/Contents/Home/jre/lib/libnet.dylib
0x00000008e714e000 	/Library/Java/JavaVirtualMachines/1.7.0.jdk/Contents/Home/jre/lib/libnio.dylib

VM Arguments:
jvm_args: -Dant.home=/Applications/eclipse 3.7/plugins/org.apache.ant_1.8.2.v20120109-1030 -Dant.library.dir=/Applications/eclipse 3.7/plugins/org.apache.ant_1.8.2.v20120109-1030/lib -Djava.library.path=.:/Library/Java/Extensions:/System/Library/Java/Extensions:/usr/lib/java:/Applications/eclipse 3.7/configuration/org.eclipse.osgi/bundles/249/1/.cp -Dfile.encoding=MacRoman 
java_command: org.eclipse.ant.internal.launching.remote.InternalAntRunner -Dorg.eclipse.ant.core.ANT_PROCESS_ID=1348584400947 -Declipse.connect.port=61265 -Dant.home=/Applications/eclipse 3.7/plugins/org.apache.ant_1.8.2.v20120109-1030 -logger org.eclipse.ant.internal.launching.remote.logger.RemoteAntBuildLogger -inputhandler org.eclipse.ant.internal.ui.antsupport.inputhandler.ProxyInputHandler -buildfile /Users/fhuet/Documents/workspaces/imagessimilaires/surfjavacl/build-OSX.xml
Launcher Type: SUN_STANDARD

Environment Variables:
PATH=/usr/bin:/bin:/usr/sbin:/sbin
SHELL=/bin/bash
DISPLAY=/tmp/launch-pqMg3P/org.x:0

Signal Handlers:
SIGSEGV: [libjvm.dylib+0x4a177d], sa_mask[0]=0xfffefeff, sa_flags=0x00000042
SIGBUS: [libjvm.dylib+0x4a177d], sa_mask[0]=0xfffefeff, sa_flags=0x00000042
SIGFPE: [libjvm.dylib+0x3b1541], sa_mask[0]=0xfffefeff, sa_flags=0x00000042
SIGPIPE: [libjvm.dylib+0x3b1541], sa_mask[0]=0xfffefeff, sa_flags=0x00000042
SIGXFSZ: [libjvm.dylib+0x3b1541], sa_mask[0]=0xfffefeff, sa_flags=0x00000042
SIGILL: [libjvm.dylib+0x3b1541], sa_mask[0]=0xfffefeff, sa_flags=0x00000042
SIGUSR1: SIG_DFL, sa_mask[0]=0x00000000, sa_flags=0x00000002
SIGUSR2: [libjvm.dylib+0x3b10ce], sa_mask[0]=0x00000004, sa_flags=0x00000042
SIGHUP: [libjvm.dylib+0x3af2f3], sa_mask[0]=0xfffefeff, sa_flags=0x00000042
SIGINT: [libjvm.dylib+0x3af2f3], sa_mask[0]=0xfffefeff, sa_flags=0x00000042
SIGTERM: [libjvm.dylib+0x3af2f3], sa_mask[0]=0xfffefeff, sa_flags=0x00000042
SIGQUIT: [libjvm.dylib+0x3af2f3], sa_mask[0]=0xfffefeff, sa_flags=0x00000042


---------------  S Y S T E M  ---------------

OS:Bsd
uname:Darwin 11.4.0 Darwin Kernel Version 11.4.0: Mon Apr  9 19:32:15 PDT 2012; root:xnu-1699.26.8~1/RELEASE_X86_64 x86_64
rlimit: STACK 8192k, CORE 0k, NPROC 709, NOFILE 10240
CPU:total 8 (4 cores per cpu, 2 threads per core) family 6 model 42 stepping 7, cmov, cx8, fxsr, mmx, sse, sse2, sse3, ssse3, sse4.1, sse4.2, popcnt, avx, ht, tsc, tscinvbit

Memory: 4k page, physical 137435648876k(34358912219k free)

/proc/meminfo:


vm_info: Java HotSpot(TM) 64-Bit Server VM (23.0-b21) for bsd-amd64 JRE (1.7.0_04-b21), built on Apr 19 2012 22:33:17 by "java_re" with gcc 4.2.1 (Based on Apple Inc. build 5658) (LLVM build 2336.1.00)

time: Tue Sep 25 16:46:44 2012
elapsed time: 2 seconds

