#
# A fatal error has been detected by the Java Runtime Environment:
#
#  SIGBUS (0xa) at pc=0x0000000108bba310, pid=48882, tid=140735109728608
#
# JRE version: 7.0_04-b21
# Java VM: Java HotSpot(TM) 64-Bit Server VM (23.0-b21 mixed mode bsd-amd64 compressed oops)
# Problematic frame:
# J  org.apache.tools.zip.ZipEntry.isDirectory()Z
#
# Failed to write core dump. Core dumps have been disabled. To enable core dumping, try "ulimit -c unlimited" before starting Java again
#
# If you would like to submit a bug report, please visit:
#   http://bugreport.sun.com/bugreport/crash.jsp
#

---------------  T H R E A D  ---------------

Current thread (0x00007f9574800000):  JavaThread "main" [_thread_in_Java, id=1916340576, stack(0x00007fff671ee000,0x00007fff679ee000)]

siginfo:si_signo=SIGBUS: si_errno=0, si_code=2 (BUS_ADRERR), si_addr=0x000000010bbaf014

Registers:
RAX=0x000000010c14dc18, RBX=0x000000010c14dc18, RCX=0x0000000612c38368, RDX=0x0000000108ae93a0
RSP=0x00007fff679e95a0, RBP=0x00007fff679e9630, RSI=0x0000000612c38368, RDI=0x00007f9574800000
R8 =0x00007f95750004e8, R9 =0x0000000000000005, R10=0x000000010873c4b0, R11=0x0000000000000000
R12=0x000000010bbaf000, R13=0x00007fff679e95d8, R14=0x0000000000000000, R15=0x00007f9574800000
RIP=0x0000000108bba310, EFLAGS=0x0000000000010206, ERR=0x0000000000000004
  TRAPNO=0x000000000000000e

Top of Stack: (sp=0x00007fff679e95a0)
0x00007fff679e95a0:   000000010bbaf000 000000010c14c634
0x00007fff679e95b0:   00007fff679e9648 00007f9574800000
0x00007fff679e95c0:   00007fff679e9630 0000000108adf450
0x00007fff679e95d0:   0000000108adf450 0000000612c38368
0x00007fff679e95e0:   0000000041ed0000 0000000612c38368
0x00007fff679e95f0:   00007fff679e95f0 000000010c14c634
0x00007fff679e9600:   00007fff679e9648 000000010c14f8b8
0x00007fff679e9610:   0000000000000000 000000010c14c670
0x00007fff679e9620:   00007fff679e95d8 00007fff679e9640
0x00007fff679e9630:   00007fff679e9690 0000000108adf158
0x00007fff679e9640:   00000000000041ed 0000000612c38368
0x00007fff679e9650:   00007fff679e9650 000000010c20d0b6
0x00007fff679e9660:   00007fff679e96d8 000000010c225508
0x00007fff679e9670:   0000000000000000 000000010c20d150
0x00007fff679e9680:   00007fff679e9640 00007fff679e96b0
0x00007fff679e9690:   00007fff679e9720 0000000108adf158
0x00007fff679e96a0:   00000000000007cf 0000000612c38368
0x00007fff679e96b0:   000000060e1f9fe0 00000000000041ed
0x00007fff679e96c0:   000000060d80a6d0 0000000612c28e18
0x00007fff679e96d0:   0000000000000000 000000060e1fa130
0x00007fff679e96e0:   00007fff679e96e0 000000010c202acc
0x00007fff679e96f0:   00007fff679e9768 000000010c227c20
0x00007fff679e9700:   0000000000000000 000000010c202bc8
0x00007fff679e9710:   00007fff679e96b0 00007fff679e9758
0x00007fff679e9720:   00007fff679e97b0 0000000108adf158
0x00007fff679e9730:   0000000000000000 0000000000000000
0x00007fff679e9740:   0000000000000000 0000000000000000
0x00007fff679e9750:   0000000612c38200 0000000612c31c70
0x00007fff679e9760:   0000000612c28e18 000000060e1fa130
0x00007fff679e9770:   00007fff679e9770 000000010c20277f
0x00007fff679e9780:   00007fff679e97d0 000000010c227c20
0x00007fff679e9790:   0000000000000000 000000010c2027c0 

Instructions: (pc=0x0000000108bba310)
0x0000000108bba2f0:   6c 67 f5 ff 0f 1f 84 00 00 00 00 00 66 66 66 90
0x0000000108bba300:   89 84 24 00 c0 fe ff 55 48 83 ec 20 44 8b 5e 58
0x0000000108bba310:   47 8b 44 dc 14 45 8b d0 41 ff ca 33 c0 45 85 d2
0x0000000108bba320:   7c 3c 47 03 44 dc 10 47 8b 4c dc 0c 41 8b e8 ff 

Register to memory mapping:

RAX=0x000000010c14dc18 is an oop
{method} 
 - klass: {other class}
RBX=0x000000010c14dc18 is an oop
{method} 
 - klass: {other class}
RCX=0x0000000612c38368 is an oop
org.apache.tools.zip.ZipEntry 
 - klass: 'org/apache/tools/zip/ZipEntry'
RDX=0x0000000108ae93a0 is an Interpreter codelet
method entry point (kind = zerolocals)  [0x0000000108ae93a0, 0x0000000108ae96e0]  832 bytes
RSP=0x00007fff679e95a0 is pointing into the stack for thread: 0x00007f9574800000
RBP=0x00007fff679e9630 is pointing into the stack for thread: 0x00007f9574800000
RSI=0x0000000612c38368 is an oop
org.apache.tools.zip.ZipEntry 
 - klass: 'org/apache/tools/zip/ZipEntry'
RDI=0x00007f9574800000 is a thread
R8 =0x00007f95750004e8 is an unknown value
R9 =0x0000000000000005 is an unknown value
R10=0x000000010873c4b0: _ZN19TemplateInterpreter24_return_3_addrs_by_indexE+0 in /Library/Java/JavaVirtualMachines/1.7.0.jdk/Contents/Home/jre/lib/server/libjvm.dylib at 0x0000000108000000
R11=0x0000000000000000 is an unknown value
R12=0x000000010bbaf000 is an unknown value
R13=0x00007fff679e95d8 is pointing into the stack for thread: 0x00007f9574800000
R14=0x0000000000000000 is an unknown value
R15=0x00007f9574800000 is a thread


Stack: [0x00007fff671ee000,0x00007fff679ee000],  sp=0x00007fff679e95a0,  free space=8173k
Native frames: (J=compiled Java code, j=interpreted, Vv=VM code, C=native code)
J  org.apache.tools.zip.ZipEntry.isDirectory()Z
j  org.apache.tools.ant.taskdefs.Zip.zipDir(Lorg/apache/tools/ant/types/Resource;Lorg/apache/tools/zip/ZipOutputStream;Ljava/lang/String;I[Lorg/apache/tools/zip/ZipExtraField;)V+182
j  org.apache.tools.ant.taskdefs.Jar.writeManifest(Lorg/apache/tools/zip/ZipOutputStream;Lorg/apache/tools/ant/taskdefs/Manifest;)V+60
j  org.apache.tools.ant.taskdefs.Jar.initZipOutputStream(Lorg/apache/tools/zip/ZipOutputStream;)V+15
j  org.apache.tools.ant.taskdefs.Zip.executeMain()V+409
j  org.apache.tools.ant.taskdefs.Zip.execute()V+22
j  org.apache.tools.ant.UnknownElement.execute()V+58
v  ~StubRoutines::call_stub
V  [libjvm.dylib+0x286acf]
V  [libjvm.dylib+0x28689c]
V  [libjvm.dylib+0x3f392a]
V  [libjvm.dylib+0x3f3d82]
V  [libjvm.dylib+0x2bacb7]
j  sun.reflect.NativeMethodAccessorImpl.invoke0(Ljava/lang/reflect/Method;Ljava/lang/Object;[Ljava/lang/Object;)Ljava/lang/Object;+0
j  sun.reflect.NativeMethodAccessorImpl.invoke(Ljava/lang/Object;[Ljava/lang/Object;)Ljava/lang/Object;+87
j  sun.reflect.DelegatingMethodAccessorImpl.invoke(Ljava/lang/Object;[Ljava/lang/Object;)Ljava/lang/Object;+6
j  java.lang.reflect.Method.invoke(Ljava/lang/Object;[Ljava/lang/Object;)Ljava/lang/Object;+57
j  org.apache.tools.ant.dispatch.DispatchUtils.execute(Ljava/lang/Object;)V+518
j  org.apache.tools.ant.Task.perform()V+22
j  org.apache.tools.ant.Target.execute()V+155
j  org.apache.tools.ant.Target.performTasks()V+11
j  org.apache.tools.ant.Project.executeSortedTargets(Ljava/util/Vector;)V+145
j  org.apache.tools.ant.Project.executeTarget(Ljava/lang/String;)V+27
j  org.apache.tools.ant.helper.DefaultExecutor.executeTargets(Lorg/apache/tools/ant/Project;[Ljava/lang/String;)V+17
j  org.eclipse.ant.internal.launching.remote.EclipseDefaultExecutor.executeTargets(Lorg/apache/tools/ant/Project;[Ljava/lang/String;)V+27
j  org.apache.tools.ant.Project.executeTargets(Ljava/util/Vector;)V+29
j  org.eclipse.ant.internal.launching.remote.InternalAntRunner.run(Ljava/util/List;)V+825
j  org.eclipse.ant.internal.launching.remote.InternalAntRunner.main([Ljava/lang/String;)V+11
v  ~StubRoutines::call_stub
V  [libjvm.dylib+0x286acf]
V  [libjvm.dylib+0x28689c]
V  [libjvm.dylib+0x2a1e84]
V  [libjvm.dylib+0x29b207]
C  [java+0x32e2]  JavaMain+0x9b1
C  [java+0x687f]  __JVMInit_block_invoke_1+0x51
C  [libdispatch.dylib+0x2db7]  _dispatch_barrier_sync_f_slow_invoke+0x50
C  [libdispatch.dylib+0x38f6]  _dispatch_main_queue_callback_4CF+0x134
C  [CoreFoundation+0x38e7c]  __CFRunLoopRun+0x6bc
C  [CoreFoundation+0x38486]  CFRunLoopRunSpecific+0xe6
C  [java+0x74bc]  CreateExecutionEnvironment+0x367
C  [java+0x1cac]  JLI_Launch+0x7a0
C  [java+0x7819]  main+0x65
C  [java+0x1504]  start+0x34


---------------  P R O C E S S  ---------------

Java Threads: ( => current thread )
  0x00007f957400e800 JavaThread "Service Thread" daemon [_thread_blocked, id=-537268224, stack(0x00000008dfe9f000,0x00000008dff9f000)]
  0x00007f957400d800 JavaThread "C2 CompilerThread1" daemon [_thread_blocked, id=-538329088, stack(0x00000008dfd9c000,0x00000008dfe9c000)]
  0x00007f957400b000 JavaThread "C2 CompilerThread0" daemon [_thread_blocked, id=-539389952, stack(0x00000008dfc99000,0x00000008dfd99000)]
  0x00007f9574003000 JavaThread "Signal Dispatcher" daemon [_thread_blocked, id=-540450816, stack(0x00000008dfb96000,0x00000008dfc96000)]
  0x00007f957584b800 JavaThread "Finalizer" daemon [_thread_blocked, id=-543670272, stack(0x00000008df884000,0x00000008df984000)]
  0x00007f957584a800 JavaThread "Reference Handler" daemon [_thread_blocked, id=-544731136, stack(0x00000008df781000,0x00000008df881000)]
=>0x00007f9574800000 JavaThread "main" [_thread_in_Java, id=1916340576, stack(0x00007fff671ee000,0x00007fff679ee000)]

Other Threads:
  0x00007f9575848000 VMThread [stack: 0x00000008df67e000,0x00000008df77e000] [id=-545792000]
  0x00007f957400c000 WatcherThread [stack: 0x00000008dffa2000,0x00000008e00a2000] [id=-536207360]

VM state:not at safepoint (normal execution)

VM Mutex/Monitor currently owned by a thread: None

Heap
 PSYoungGen      total 611648K, used 94481K [0x000000060d710000, 0x00000006381b0000, 0x000000088bbb0000)
  eden space 524288K, 18% used [0x000000060d710000,0x00000006133544a8,0x000000062d710000)
  from space 87360K, 0% used [0x0000000632c60000,0x0000000632c60000,0x00000006381b0000)
  to   space 87360K, 0% used [0x000000062d710000,0x000000062d710000,0x0000000632c60000)
 ParOldGen       total 1398144K, used 0K [0x0000000110db0000, 0x0000000166310000, 0x000000060d710000)
  object space 1398144K, 0% used [0x0000000110db0000,0x0000000110db0000,0x0000000166310000)
 PSPermGen       total 21248K, used 7337K [0x000000010bbb0000, 0x000000010d070000, 0x0000000110db0000)
  object space 21248K, 34% used [0x000000010bbb0000,0x000000010c2da598,0x000000010d070000)

Code Cache  [0x0000000108ad9000, 0x0000000108d49000, 0x000000010bad9000)
 total_blobs=493 nmethods=254 adapters=191 free_code_cache=48262Kb largest_free_block=49383232

Compilation events (10 events):
Event: 2.990 Thread 0x00007f957400b000 nmethod 247 0x0000000108bb2d10 code [0x0000000108bb2e60, 0x0000000108bb3018]
Event: 2.990 Thread 0x00007f957400d800 nmethod 248 0x0000000108bb2850 code [0x0000000108bb29a0, 0x0000000108bb2b58]
Event: 3.000 Thread 0x00007f957400b000  249             org.apache.tools.ant.types.Resource::<init> (30 bytes)
Event: 3.000 Thread 0x00007f957400d800  250             org.apache.tools.ant.types.selectors.TokenizedPath::<init> (15 bytes)
Event: 3.000 Thread 0x00007f957400b000 nmethod 249 0x0000000108bb8e10 code [0x0000000108bb8f40, 0x0000000108bb8fd8]
Event: 3.000 Thread 0x00007f957400b000  251             org.apache.tools.ant.types.selectors.TokenizedPath::<init> (10 bytes)
Event: 3.000 Thread 0x00007f957400d800 nmethod 250 0x0000000108bb8bd0 code [0x0000000108bb8d00, 0x0000000108bb8d98]
Event: 3.000 Thread 0x00007f957400d800  252             org.apache.tools.zip.ZipEntry::isDirectory (10 bytes)
Event: 3.001 Thread 0x00007f957400b000 nmethod 251 0x0000000108bba510 code [0x0000000108bba660, 0x0000000108bba728]
Event: 3.002 Thread 0x00007f957400d800 nmethod 252 0x0000000108bba190 code [0x0000000108bba2e0, 0x0000000108bba3d8]

GC Heap History (0 events):
No events

Deoptimization events (10 events):
Event: 2.655 Thread 0x00007f9574800000 Uncommon trap -83 fr.pc 0x0000000108b89430
Event: 2.933 Thread 0x00007f9574800000 Uncommon trap -34 fr.pc 0x0000000108b50098
Event: 2.933 Thread 0x00007f9574800000 Uncommon trap -34 fr.pc 0x0000000108b50098
Event: 2.933 Thread 0x00007f9574800000 Uncommon trap -34 fr.pc 0x0000000108b50098
Event: 2.933 Thread 0x00007f9574800000 Uncommon trap -34 fr.pc 0x0000000108b50098
Event: 3.006 Thread 0x00007f9574800000 Uncommon trap -34 fr.pc 0x0000000108bb19e4
Event: 3.006 Thread 0x00007f9574800000 Uncommon trap -34 fr.pc 0x0000000108bb19e4
Event: 3.006 Thread 0x00007f9574800000 Uncommon trap -34 fr.pc 0x0000000108bb19e4
Event: 3.006 Thread 0x00007f9574800000 Uncommon trap -34 fr.pc 0x0000000108bb19e4
Event: 3.007 Thread 0x00007f9574800000 Uncommon trap -34 fr.pc 0x0000000108baf918

Internal exceptions (10 events):
Event: 2.930 Thread 0x00007f9574800000 Threw 0x000000061271c0a8 at /HUDSON/workspace/jdk7u4-2-build-macosx-x86_64-product/jdk7u4/hotspot/src/share/vm/prims/jvm.cpp:1166
Event: 2.931 Thread 0x00007f9574800000 Threw 0x0000000612724110 at /HUDSON/workspace/jdk7u4-2-build-macosx-x86_64-product/jdk7u4/hotspot/src/share/vm/prims/jvm.cpp:1166
Event: 2.931 Thread 0x00007f9574800000 Threw 0x000000061272b848 at /HUDSON/workspace/jdk7u4-2-build-macosx-x86_64-product/jdk7u4/hotspot/src/share/vm/prims/jvm.cpp:1166
Event: 2.931 Thread 0x00007f9574800000 Threw 0x0000000612735118 at /HUDSON/workspace/jdk7u4-2-build-macosx-x86_64-product/jdk7u4/hotspot/src/share/vm/prims/jvm.cpp:1166
Event: 2.932 Thread 0x00007f9574800000 Threw 0x000000061273bab0 at /HUDSON/workspace/jdk7u4-2-build-macosx-x86_64-product/jdk7u4/hotspot/src/share/vm/prims/jvm.cpp:1166
Event: 2.932 Thread 0x00007f9574800000 Threw 0x0000000612743f70 at /HUDSON/workspace/jdk7u4-2-build-macosx-x86_64-product/jdk7u4/hotspot/src/share/vm/prims/jvm.cpp:1166
Event: 2.933 Thread 0x00007f9574800000 Threw 0x000000061274bbe0 at /HUDSON/workspace/jdk7u4-2-build-macosx-x86_64-product/jdk7u4/hotspot/src/share/vm/prims/jvm.cpp:1166
Event: 2.934 Thread 0x00007f9574800000 Threw 0x0000000612752250 at /HUDSON/workspace/jdk7u4-2-build-macosx-x86_64-product/jdk7u4/hotspot/src/share/vm/prims/jvm.cpp:1166
Event: 3.005 Thread 0x00007f9574800000 Threw 0x0000000612be5188 at /HUDSON/workspace/jdk7u4-2-build-macosx-x86_64-product/jdk7u4/hotspot/src/share/vm/prims/jvm.cpp:1166
Event: 3.008 Thread 0x00007f9574800000 Threw 0x0000000612c1a520 at /HUDSON/workspace/jdk7u4-2-build-macosx-x86_64-product/jdk7u4/hotspot/src/share/vm/prims/jvm.cpp:1166

Events (10 events):
Event: 3.006 Thread 0x00007f9574800000 DEOPT PACKING pc=0x0000000108bb19e4 sp=0x00007fff679e9200
Event: 3.006 Thread 0x00007f9574800000 DEOPT UNPACKING pc=0x0000000108b12145 sp=0x00007fff679e9188 mode 2
Event: 3.006 Thread 0x00007f9574800000 DEOPT PACKING pc=0x0000000108bb19e4 sp=0x00007fff679e9200
Event: 3.006 Thread 0x00007f9574800000 DEOPT UNPACKING pc=0x0000000108b12145 sp=0x00007fff679e9188 mode 2
Event: 3.007 Thread 0x00007f9574800000 DEOPT PACKING pc=0x0000000108baf918 sp=0x00007fff679e91c0
Event: 3.007 Thread 0x00007f9574800000 DEOPT UNPACKING pc=0x0000000108b12145 sp=0x00007fff679e9188 mode 2
Event: 3.008 loading class 0x00007f9572e47fd0
Event: 3.008 loading class 0x00007f9572e47fd0 done
Event: 3.009 loading class 0x00007f957516eb00
Event: 3.009 loading class 0x00007f957516eb00 done


Dynamic libraries:
0x00000000016c5000 	/System/Library/Frameworks/Cocoa.framework/Versions/A/Cocoa
0x00000000016c5000 	/System/Library/Frameworks/Security.framework/Versions/A/Security
0x00000000016c5000 	/System/Library/Frameworks/ApplicationServices.framework/Versions/A/ApplicationServices
0x00000000016c5000 	/usr/lib/libz.1.dylib
0x00000000016c5000 	/usr/lib/libSystem.B.dylib
0x00000000016c5000 	/usr/lib/libobjc.A.dylib
0x00000000016c5000 	/System/Library/Frameworks/CoreFoundation.framework/Versions/A/CoreFoundation
0x00000000016c5000 	/System/Library/Frameworks/AppKit.framework/Versions/C/AppKit
0x00000000016c5000 	/System/Library/Frameworks/CoreData.framework/Versions/A/CoreData
0x00000000016c5000 	/System/Library/Frameworks/Foundation.framework/Versions/C/Foundation
0x00000000016c5000 	/System/Library/PrivateFrameworks/RemoteViewServices.framework/Versions/A/RemoteViewServices
0x00000000016c5000 	/System/Library/Frameworks/AudioToolbox.framework/Versions/A/AudioToolbox
0x00000000016c5000 	/System/Library/Frameworks/AudioUnit.framework/Versions/A/AudioUnit
0x00000000016c5000 	/System/Library/PrivateFrameworks/DataDetectorsCore.framework/Versions/A/DataDetectorsCore
0x00000000016c5000 	/System/Library/PrivateFrameworks/DesktopServicesPriv.framework/Versions/A/DesktopServicesPriv
0x00000000016c5000 	/System/Library/Frameworks/Carbon.framework/Versions/A/Frameworks/HIToolbox.framework/Versions/A/HIToolbox
0x00000000016c5000 	/System/Library/Frameworks/QuartzCore.framework/Versions/A/QuartzCore
0x00000000016c5000 	/System/Library/Frameworks/Carbon.framework/Versions/A/Frameworks/SpeechRecognition.framework/Versions/A/SpeechRecognition
0x00000000016c5000 	/usr/lib/libauto.dylib
0x00000000016c5000 	/usr/lib/libicucore.A.dylib
0x00000000016c5000 	/usr/lib/libxml2.2.dylib
0x00000000016c5000 	/System/Library/PrivateFrameworks/CoreUI.framework/Versions/A/CoreUI
0x00000000016c5000 	/System/Library/Frameworks/CoreAudio.framework/Versions/A/CoreAudio
0x00000000016c5000 	/System/Library/Frameworks/DiskArbitration.framework/Versions/A/DiskArbitration
0x00000000016c5000 	/usr/lib/liblangid.dylib
0x00000000016c5000 	/System/Library/PrivateFrameworks/MultitouchSupport.framework/Versions/A/MultitouchSupport
0x00000000016c5000 	/System/Library/Frameworks/IOKit.framework/Versions/A/IOKit
0x00000000016c5000 	/usr/lib/libDiagnosticMessagesClient.dylib
0x00000000016c5000 	/System/Library/Frameworks/CoreServices.framework/Versions/A/CoreServices
0x00000000016c5000 	/System/Library/PrivateFrameworks/PerformanceAnalysis.framework/Versions/A/PerformanceAnalysis
0x00000000016c5000 	/System/Library/PrivateFrameworks/GenerationalStorage.framework/Versions/A/GenerationalStorage
0x00000000016c5000 	/System/Library/Frameworks/OpenGL.framework/Versions/A/OpenGL
0x00000000016c5000 	/System/Library/Frameworks/CoreServices.framework/Versions/A/Frameworks/CFNetwork.framework/Versions/A/CFNetwork
0x00000000016c5000 	/System/Library/Frameworks/SystemConfiguration.framework/Versions/A/SystemConfiguration
0x00000000016c5000 	/usr/lib/libCRFSuite.dylib
0x00000000016c5000 	/usr/lib/libc++.1.dylib
0x00000000016c5000 	/usr/lib/libstdc++.6.dylib
0x00000000016c5000 	/usr/lib/libc++abi.dylib
0x00000000016c5000 	/usr/lib/system/libcache.dylib
0x00000000016c5000 	/usr/lib/system/libcommonCrypto.dylib
0x00000000016c5000 	/usr/lib/system/libcompiler_rt.dylib
0x00000000016c5000 	/usr/lib/system/libcopyfile.dylib
0x00000000016c5000 	/usr/lib/system/libdispatch.dylib
0x00000000016c5000 	/usr/lib/system/libdnsinfo.dylib
0x00000000016c5000 	/usr/lib/system/libdyld.dylib
0x00000000016c5000 	/usr/lib/system/libkeymgr.dylib
0x00000000016c5000 	/usr/lib/system/liblaunch.dylib
0x00000000016c5000 	/usr/lib/system/libmacho.dylib
0x00000000016c5000 	/usr/lib/system/libmathCommon.A.dylib
0x00000000016c5000 	/usr/lib/system/libquarantine.dylib
0x00000000016c5000 	/usr/lib/system/libremovefile.dylib
0x00000000016c5000 	/usr/lib/system/libsystem_blocks.dylib
0x00000000016c5000 	/usr/lib/system/libsystem_c.dylib
0x00000000016c5000 	/usr/lib/system/libsystem_dnssd.dylib
0x00000000016c5000 	/usr/lib/system/libsystem_info.dylib
0x00000000016c5000 	/usr/lib/system/libsystem_kernel.dylib
0x00000000016c5000 	/usr/lib/system/libsystem_network.dylib
0x00000000016c5000 	/usr/lib/system/libsystem_notify.dylib
0x00000000016c5000 	/usr/lib/system/libsystem_sandbox.dylib
0x00000000016c5000 	/usr/lib/system/libunc.dylib
0x00000000016c5000 	/usr/lib/system/libunwind.dylib
0x00000000016c5000 	/usr/lib/system/libxpc.dylib
0x00000000016c5000 	/usr/lib/libbsm.0.dylib
0x00000000016c5000 	/usr/lib/libsqlite3.dylib
0x00000000016c5000 	/usr/lib/libpam.2.dylib
0x00000000016c5000 	/usr/lib/libxar-nossl.dylib
0x00000000016c5000 	/usr/lib/libbz2.1.0.dylib
0x00000000016c5000 	/System/Library/Frameworks/CoreServices.framework/Versions/A/Frameworks/CarbonCore.framework/Versions/A/CarbonCore
0x00000000016c5000 	/System/Library/Frameworks/CoreServices.framework/Versions/A/Frameworks/Metadata.framework/Versions/A/Metadata
0x00000000016c5000 	/System/Library/Frameworks/CoreServices.framework/Versions/A/Frameworks/OSServices.framework/Versions/A/OSServices
0x00000000016c5000 	/System/Library/Frameworks/CoreServices.framework/Versions/A/Frameworks/SearchKit.framework/Versions/A/SearchKit
0x00000000016c5000 	/System/Library/Frameworks/CoreServices.framework/Versions/A/Frameworks/AE.framework/Versions/A/AE
0x00000000016c5000 	/System/Library/Frameworks/CoreServices.framework/Versions/A/Frameworks/LaunchServices.framework/Versions/A/LaunchServices
0x00000000016c5000 	/System/Library/Frameworks/CoreServices.framework/Versions/A/Frameworks/DictionaryServices.framework/Versions/A/DictionaryServices
0x00000000016c5000 	/System/Library/Frameworks/NetFS.framework/Versions/A/NetFS
0x00000000016c5000 	/usr/lib/system/libkxld.dylib
0x00000000016c5000 	/System/Library/PrivateFrameworks/NetAuth.framework/Versions/A/NetAuth
0x00000000016c5000 	/usr/lib/libcrypto.0.9.8.dylib
0x00000000016c5000 	/System/Library/PrivateFrameworks/TrustEvaluationAgent.framework/Versions/A/TrustEvaluationAgent
0x00000000016c5000 	/System/Library/Frameworks/OpenDirectory.framework/Versions/A/Frameworks/CFOpenDirectory.framework/Versions/A/CFOpenDirectory
0x00000000016c5000 	/usr/lib/libxslt.1.dylib
0x00000000016c5000 	/System/Library/PrivateFrameworks/FamilyControls.framework/Versions/A/FamilyControls
0x00000000016c5000 	/System/Library/Frameworks/Carbon.framework/Versions/A/Frameworks/Ink.framework/Versions/A/Ink
0x00000000016c5000 	/System/Library/Frameworks/ApplicationServices.framework/Versions/A/Frameworks/CoreGraphics.framework/Versions/A/CoreGraphics
0x00000000016c5000 	/System/Library/Frameworks/ApplicationServices.framework/Versions/A/Frameworks/ImageIO.framework/Versions/A/ImageIO
0x00000000016c5000 	/System/Library/Frameworks/ApplicationServices.framework/Versions/A/Frameworks/CoreText.framework/Versions/A/CoreText
0x00000000016c5000 	/System/Library/Frameworks/ApplicationServices.framework/Versions/A/Frameworks/ATS.framework/Versions/A/ATS
0x00000000016c5000 	/System/Library/Frameworks/ApplicationServices.framework/Versions/A/Frameworks/ColorSync.framework/Versions/A/ColorSync
0x00000000016c5000 	/System/Library/Frameworks/ApplicationServices.framework/Versions/A/Frameworks/HIServices.framework/Versions/A/HIServices
0x00000000016c5000 	/System/Library/Frameworks/ApplicationServices.framework/Versions/A/Frameworks/LangAnalysis.framework/Versions/A/LangAnalysis
0x00000000016c5000 	/System/Library/Frameworks/ApplicationServices.framework/Versions/A/Frameworks/PrintCore.framework/Versions/A/PrintCore
0x00000000016c5000 	/System/Library/Frameworks/ApplicationServices.framework/Versions/A/Frameworks/QD.framework/Versions/A/QD
0x00000000016c5000 	/System/Library/Frameworks/ApplicationServices.framework/Versions/A/Frameworks/SpeechSynthesis.framework/Versions/A/SpeechSynthesis
0x00000000016c5000 	/System/Library/Frameworks/IOSurface.framework/Versions/A/IOSurface
0x00000000016c5000 	/System/Library/Frameworks/Accelerate.framework/Versions/A/Accelerate
0x00000000016c5000 	/System/Library/Frameworks/ApplicationServices.framework/Versions/A/Frameworks/ImageIO.framework/Versions/A/Resources/libJPEG.dylib
0x00000000016c5000 	/System/Library/Frameworks/ApplicationServices.framework/Versions/A/Frameworks/ImageIO.framework/Versions/A/Resources/libTIFF.dylib
0x00000000016c5000 	/System/Library/Frameworks/ApplicationServices.framework/Versions/A/Frameworks/ImageIO.framework/Versions/A/Resources/libPng.dylib
0x00000000016c5000 	/System/Library/Frameworks/ApplicationServices.framework/Versions/A/Frameworks/ImageIO.framework/Versions/A/Resources/libGIF.dylib
0x00000000016c5000 	/System/Library/Frameworks/ApplicationServices.framework/Versions/A/Frameworks/ImageIO.framework/Versions/A/Resources/libJP2.dylib
0x00000000016c5000 	/System/Library/Frameworks/ApplicationServices.framework/Versions/A/Frameworks/ImageIO.framework/Versions/A/Resources/libRadiance.dylib
0x00000000016c5000 	/System/Library/Frameworks/Accelerate.framework/Versions/A/Frameworks/vImage.framework/Versions/A/vImage
0x00000000016c5000 	/System/Library/Frameworks/Accelerate.framework/Versions/A/Frameworks/vecLib.framework/Versions/A/vecLib
0x00000000016c5000 	/System/Library/Frameworks/Accelerate.framework/Versions/A/Frameworks/vecLib.framework/Versions/A/libvDSP.dylib
0x00000000016c5000 	/System/Library/Frameworks/Accelerate.framework/Versions/A/Frameworks/vecLib.framework/Versions/A/libvMisc.dylib
0x00000000016c5000 	/System/Library/Frameworks/Accelerate.framework/Versions/A/Frameworks/vecLib.framework/Versions/A/libLAPACK.dylib
0x00000000016c5000 	/System/Library/Frameworks/Accelerate.framework/Versions/A/Frameworks/vecLib.framework/Versions/A/libBLAS.dylib
0x00000000016c5000 	/System/Library/Frameworks/ApplicationServices.framework/Versions/A/Frameworks/ATS.framework/Versions/A/Resources/libFontParser.dylib
0x00000000016c5000 	/System/Library/Frameworks/ApplicationServices.framework/Versions/A/Frameworks/ATS.framework/Versions/A/Resources/libFontRegistry.dylib
0x00000000016c5000 	/usr/lib/libcups.2.dylib
0x00000000016c5000 	/System/Library/Frameworks/Kerberos.framework/Versions/A/Kerberos
0x00000000016c5000 	/System/Library/Frameworks/GSS.framework/Versions/A/GSS
0x00000000016c5000 	/usr/lib/libresolv.9.dylib
0x00000000016c5000 	/usr/lib/libiconv.2.dylib
0x00000000016c5000 	/System/Library/PrivateFrameworks/Heimdal.framework/Versions/A/Heimdal
0x00000000016c5000 	/System/Library/Frameworks/OpenDirectory.framework/Versions/A/OpenDirectory
0x00000000016c5000 	/System/Library/PrivateFrameworks/CommonAuth.framework/Versions/A/CommonAuth
0x00000000016c5000 	/System/Library/Frameworks/CoreVideo.framework/Versions/A/CoreVideo
0x00000000016c5000 	/System/Library/Frameworks/QuartzCore.framework/Versions/A/Frameworks/CoreImage.framework/Versions/A/CoreImage
0x00000000016c5000 	/System/Library/Frameworks/QuartzCore.framework/Versions/A/Frameworks/ScalableUserInterface.framework/Versions/A/ScalableUserInterface
0x00000000016c5000 	/System/Library/Frameworks/OpenGL.framework/Versions/A/Libraries/libGLU.dylib
0x00000000016c5000 	/System/Library/Frameworks/OpenGL.framework/Versions/A/Libraries/libGFXShared.dylib
0x00000000016c5000 	/System/Library/Frameworks/OpenGL.framework/Versions/A/Libraries/libGL.dylib
0x00000000016c5000 	/System/Library/Frameworks/OpenGL.framework/Versions/A/Libraries/libGLImage.dylib
0x00000000016c5000 	/System/Library/Frameworks/OpenGL.framework/Versions/A/Libraries/libCVMSPluginSupport.dylib
0x00000000016c5000 	/System/Library/Frameworks/OpenGL.framework/Versions/A/Libraries/libCoreVMClient.dylib
0x00000000016c5000 	/System/Library/Frameworks/OpenCL.framework/Versions/A/OpenCL
0x00000000016c5000 	/System/Library/PrivateFrameworks/FaceCoreLight.framework/Versions/A/FaceCoreLight
0x00000000016c5000 	/System/Library/Frameworks/vecLib.framework/Versions/A/vecLib
0x00000000016c5000 	/System/Library/Frameworks/SecurityFoundation.framework/Versions/A/SecurityFoundation
0x00000000016c5000 	/System/Library/PrivateFrameworks/CommerceKit.framework/Versions/A/Frameworks/CommerceCore.framework/Versions/A/CommerceCore
0x00000000016c5000 	/System/Library/PrivateFrameworks/CoreSymbolication.framework/Versions/A/CoreSymbolication
0x00000000016c5000 	/System/Library/PrivateFrameworks/Symbolication.framework/Versions/A/Symbolication
0x00000000016c5000 	/System/Library/PrivateFrameworks/DebugSymbols.framework/Versions/A/DebugSymbols
0x0000000108000000 	/Library/Java/JavaVirtualMachines/1.7.0.jdk/Contents/Home/jre/lib/server/libjvm.dylib
0x0000000107ee8000 	/Library/Java/JavaVirtualMachines/1.7.0.jdk/Contents/Home/jre/lib/libverify.dylib
0x0000000108aa0000 	/Library/Java/JavaVirtualMachines/1.7.0.jdk/Contents/Home/jre/lib/libjava.dylib
0x0000000108ad0000 	/Library/Java/JavaVirtualMachines/1.7.0.jdk/Contents/Home/jre/lib/libzip.dylib
0x00000008df986000 	/System/Library/Frameworks/JavaVM.framework/Frameworks/JavaRuntimeSupport.framework/JavaRuntimeSupport
0x00000008df99e000 	/System/Library/Frameworks/JavaVM.framework/Versions/A/Frameworks/JavaNativeFoundation.framework/Versions/A/JavaNativeFoundation
0x00000008df9b3000 	/System/Library/Frameworks/JavaVM.framework/Versions/A/JavaVM
0x00000000016c5000 	/System/Library/Frameworks/Carbon.framework/Versions/A/Carbon
0x00000008df9c0000 	/System/Library/PrivateFrameworks/JavaLaunching.framework/Versions/A/JavaLaunching
0x00000000016c5000 	/System/Library/Frameworks/Carbon.framework/Versions/A/Frameworks/CommonPanels.framework/Versions/A/CommonPanels
0x00000000016c5000 	/System/Library/Frameworks/Carbon.framework/Versions/A/Frameworks/Help.framework/Versions/A/Help
0x00000000016c5000 	/System/Library/Frameworks/Carbon.framework/Versions/A/Frameworks/ImageCapture.framework/Versions/A/ImageCapture
0x00000000016c5000 	/System/Library/Frameworks/Carbon.framework/Versions/A/Frameworks/OpenScripting.framework/Versions/A/OpenScripting
0x00000000016c5000 	/System/Library/Frameworks/Carbon.framework/Versions/A/Frameworks/Print.framework/Versions/A/Print
0x00000000016c5000 	/System/Library/Frameworks/Carbon.framework/Versions/A/Frameworks/SecurityHI.framework/Versions/A/SecurityHI
0x00000008e01ac000 	/Library/Java/JavaVirtualMachines/1.7.0.jdk/Contents/Home/jre/lib/libnet.dylib
0x00000008e0255000 	/Library/Java/JavaVirtualMachines/1.7.0.jdk/Contents/Home/jre/lib/libnio.dylib

VM Arguments:
jvm_args: -Dant.home=/Applications/eclipse 3.7/plugins/org.apache.ant_1.8.2.v20120109-1030 -Dant.library.dir=/Applications/eclipse 3.7/plugins/org.apache.ant_1.8.2.v20120109-1030/lib -Djava.library.path=.:/Library/Java/Extensions:/System/Library/Java/Extensions:/usr/lib/java:/Applications/eclipse 3.7/configuration/org.eclipse.osgi/bundles/249/1/.cp -Dfile.encoding=MacRoman 
java_command: org.eclipse.ant.internal.launching.remote.InternalAntRunner -Dorg.eclipse.ant.core.ANT_PROCESS_ID=1348785566665 -Declipse.connect.port=51308 -Dant.home=/Applications/eclipse 3.7/plugins/org.apache.ant_1.8.2.v20120109-1030 -logger org.eclipse.ant.internal.launching.remote.logger.RemoteAntBuildLogger -inputhandler org.eclipse.ant.internal.ui.antsupport.inputhandler.ProxyInputHandler -buildfile /Users/fhuet/Documents/workspaces/imagessimilaires/surfjavacl/build-OSX.xml
Launcher Type: SUN_STANDARD

Environment Variables:
PATH=/usr/bin:/bin:/usr/sbin:/sbin
SHELL=/bin/bash
DISPLAY=/tmp/launch-pqMg3P/org.x:0

Signal Handlers:
SIGSEGV: [libjvm.dylib+0x4a177d], sa_mask[0]=0xfffefeff, sa_flags=0x00000042
SIGBUS: [libjvm.dylib+0x4a177d], sa_mask[0]=0xfffefeff, sa_flags=0x00000042
SIGFPE: [libjvm.dylib+0x3b1541], sa_mask[0]=0xfffefeff, sa_flags=0x00000042
SIGPIPE: [libjvm.dylib+0x3b1541], sa_mask[0]=0xfffefeff, sa_flags=0x00000042
SIGXFSZ: [libjvm.dylib+0x3b1541], sa_mask[0]=0xfffefeff, sa_flags=0x00000042
SIGILL: [libjvm.dylib+0x3b1541], sa_mask[0]=0xfffefeff, sa_flags=0x00000042
SIGUSR1: SIG_DFL, sa_mask[0]=0x00000000, sa_flags=0x00000002
SIGUSR2: [libjvm.dylib+0x3b10ce], sa_mask[0]=0x00000004, sa_flags=0x00000042
SIGHUP: [libjvm.dylib+0x3af2f3], sa_mask[0]=0xfffefeff, sa_flags=0x00000042
SIGINT: [libjvm.dylib+0x3af2f3], sa_mask[0]=0xfffefeff, sa_flags=0x00000042
SIGTERM: [libjvm.dylib+0x3af2f3], sa_mask[0]=0xfffefeff, sa_flags=0x00000042
SIGQUIT: [libjvm.dylib+0x3af2f3], sa_mask[0]=0xfffefeff, sa_flags=0x00000042


---------------  S Y S T E M  ---------------

OS:Bsd
uname:Darwin 11.4.0 Darwin Kernel Version 11.4.0: Mon Apr  9 19:32:15 PDT 2012; root:xnu-1699.26.8~1/RELEASE_X86_64 x86_64
rlimit: STACK 8192k, CORE 0k, NPROC 709, NOFILE 10240
CPU:total 8 (4 cores per cpu, 2 threads per core) family 6 model 42 stepping 7, cmov, cx8, fxsr, mmx, sse, sse2, sse3, ssse3, sse4.1, sse4.2, popcnt, avx, ht, tsc, tscinvbit

Memory: 4k page, physical 137435737272k(34358934318k free)

/proc/meminfo:


vm_info: Java HotSpot(TM) 64-Bit Server VM (23.0-b21) for bsd-amd64 JRE (1.7.0_04-b21), built on Apr 19 2012 22:33:17 by "java_re" with gcc 4.2.1 (Based on Apple Inc. build 5658) (LLVM build 2336.1.00)

time: Fri Sep 28 00:39:29 2012
elapsed time: 3 seconds

